#
# There is insufficient memory for the Java Runtime Environment to continue.
# Native memory allocation (malloc) failed to allocate 1348816 bytes for Chunk::new
# Possible reasons:
#   The system is out of physical RAM or swap space
#   The process is running with CompressedOops enabled, and the Java Heap may be blocking the growth of the native heap
# Possible solutions:
#   Reduce memory load on the system
#   Increase physical memory or swap space
#   Check if swap backing store is full
#   Decrease Java heap size (-Xmx/-Xms)
#   Decrease number of Java threads
#   Decrease Java thread stack sizes (-Xss)
#   Set larger code cache with -XX:ReservedCodeCacheSize=
#   JVM is running with Unscaled Compressed Oops mode in which the Java heap is
#     placed in the first 4GB address space. The Java Heap base address is the
#     maximum limit for the native heap growth. Please use -XX:HeapBaseMinAddress
#     to set the Java Heap base and to place the Java Heap above 4GB virtual address.
# This output file may be truncated or incomplete.
#
#  Out of Memory Error (allocation.cpp:389), pid=5328, tid=0x00000000000025e4
#
# JRE version: OpenJDK Runtime Environment (8.0_242-b01) (build 1.8.0_242-release-1644-b01)
# Java VM: OpenJDK 64-Bit Server VM (25.242-b01 mixed mode windows-amd64 compressed oops)
# Failed to write core dump. Minidumps are not enabled by default on client versions of Windows
#

---------------  T H R E A D  ---------------

Current thread (0x000000001738b000):  JavaThread "C2 CompilerThread1" daemon [_thread_in_native, id=9700, stack(0x0000000018af0000,0x0000000018bf0000)]

Stack: [0x0000000018af0000,0x0000000018bf0000]
[error occurred during error reporting (printing stack bounds), id 0xc0000005]

Native frames: (J=compiled Java code, j=interpreted, Vv=VM code, C=native code)


Current CompileTask:
C2:  47510 11250       4       org.objectweb.asm.ClassReader::readCode (5089 bytes)


---------------  P R O C E S S  ---------------

Java Threads: ( => current thread )
  0x0000000019d24000 JavaThread "ForkJoinPool.commonPool-worker-3" daemon [_thread_blocked, id=2844, stack(0x000000002cfc0000,0x000000002d0c0000)]
  0x000000001a3fe800 JavaThread "ForkJoinPool.commonPool-worker-2" daemon [_thread_blocked, id=12828, stack(0x000000002cec0000,0x000000002cfc0000)]
  0x0000000019042000 JavaThread "ForkJoinPool.commonPool-worker-1" daemon [_thread_blocked, id=11104, stack(0x000000002cdc0000,0x000000002cec0000)]
  0x0000000019040800 JavaThread "Cache worker for Java compile cache (C:\Users\sonam\Desktop\ITW202\Lab\TODO_13\.gradle\6.5\javaCompile)" [_thread_blocked, id=13808, stack(0x000000002c8c0000,0x000000002c9c0000)]
  0x0000000019041800 JavaThread "Cache worker for Java compile cache (C:\Users\sonam\.gradle\caches\6.5\javaCompile)" [_thread_blocked, id=12576, stack(0x000000002c7c0000,0x000000002c8c0000)]
  0x000000001903f000 JavaThread "stdout" [_thread_in_native, id=9460, stack(0x000000002c0c0000,0x000000002c1c0000)]
  0x000000001903d800 JavaThread "stderr" [_thread_in_native, id=15768, stack(0x000000002bfc0000,0x000000002c0c0000)]
  0x000000001903b800 JavaThread "stdout" [_thread_in_native, id=15660, stack(0x000000002bec0000,0x000000002bfc0000)]
  0x000000001903d000 JavaThread "stderr" [_thread_in_native, id=14864, stack(0x000000002bdc0000,0x000000002bec0000)]
  0x0000000019038800 JavaThread "stdout" [_thread_in_native, id=8176, stack(0x000000002bcc0000,0x000000002bdc0000)]
  0x000000001903e800 JavaThread "stderr" [_thread_in_native, id=15468, stack(0x000000002bbc0000,0x000000002bcc0000)]
  0x000000001903a800 JavaThread "stdout" [_thread_in_native, id=8104, stack(0x000000002bac0000,0x000000002bbc0000)]
  0x000000001903c000 JavaThread "stderr" [_thread_in_native, id=6560, stack(0x000000002b9c0000,0x000000002bac0000)]
  0x0000000019033000 JavaThread "pool-2-thread-1" [_thread_blocked, id=8740, stack(0x000000002b8c0000,0x000000002b9c0000)]
  0x0000000019037800 JavaThread "MarlinRenderer Disposer" daemon [_thread_blocked, id=5356, stack(0x000000002b7c0000,0x000000002b8c0000)]
  0x000000001903a000 JavaThread "Java2D Disposer" daemon [_thread_blocked, id=3900, stack(0x000000002b6c0000,0x000000002b7c0000)]
  0x0000000019036000 JavaThread "WorkerExecutor Queue Thread 4" [_thread_blocked, id=2180, stack(0x000000002b2c0000,0x000000002b3c0000)]
  0x0000000019039000 JavaThread "WorkerExecutor Queue Thread 3" [_thread_blocked, id=988, stack(0x000000002b1c0000,0x000000002b2c0000)]
  0x0000000019034800 JavaThread "WorkerExecutor Queue Thread 2" [_thread_blocked, id=16008, stack(0x000000002b0c0000,0x000000002b1c0000)]
  0x000000001a400000 JavaThread "WorkerExecutor Queue" [_thread_blocked, id=11836, stack(0x000000002a460000,0x000000002a560000)]
  0x000000001a3fb800 JavaThread "Cache worker for execution history cache (C:\Users\sonam\Desktop\ITW202\Lab\TODO_13\.gradle\6.5\executionHistory)" [_thread_blocked, id=5320, stack(0x000000002abc0000,0x000000002acc0000)]
  0x000000001a3fa800 JavaThread "Execution worker for ':' Thread 3" [_thread_blocked, id=3648, stack(0x000000002aac0000,0x000000002abc0000)]
  0x000000001a3fa000 JavaThread "Execution worker for ':' Thread 2" [_thread_in_native, id=15420, stack(0x000000002a9c0000,0x000000002aac0000)]
  0x000000001a3f9000 JavaThread "Execution worker for ':'" [_thread_blocked, id=14248, stack(0x000000002a8c0000,0x000000002a9c0000)]
  0x000000001a3f4000 JavaThread "Cache worker for file content cache (C:\Users\sonam\Desktop\ITW202\Lab\TODO_13\.gradle\6.5\fileContent)" [_thread_blocked, id=4676, stack(0x000000002a5c0000,0x000000002a6c0000)]
  0x000000001a3f1800 JavaThread "Memory manager" [_thread_blocked, id=11344, stack(0x00000000292c0000,0x00000000293c0000)]
  0x000000001a3f8800 JavaThread "Cache worker for Build Output Cleanup Cache (C:\Users\sonam\Desktop\ITW202\Lab\TODO_13\.gradle\buildOutputCleanup)" [_thread_blocked, id=808, stack(0x0000000026f40000,0x0000000027040000)]
  0x000000001a3f0800 JavaThread "jar transforms Thread 92" [_thread_blocked, id=124, stack(0x0000000026c40000,0x0000000026d40000)]
  0x000000001a3f3000 JavaThread "jar transforms Thread 91" [_thread_blocked, id=15004, stack(0x0000000026b40000,0x0000000026c40000)]
  0x000000001a3f4800 JavaThread "jar transforms Thread 90" [_thread_blocked, id=15904, stack(0x0000000026a40000,0x0000000026b40000)]
  0x000000001a3f2800 JavaThread "jar transforms Thread 89" [_thread_blocked, id=16040, stack(0x0000000026940000,0x0000000026a40000)]
  0x000000001a3f5800 JavaThread "jar transforms Thread 88" [_thread_blocked, id=11816, stack(0x0000000026840000,0x0000000026940000)]
  0x000000001a3f7000 JavaThread "jar transforms Thread 87" [_thread_blocked, id=15604, stack(0x0000000026740000,0x0000000026840000)]
  0x000000001d615800 JavaThread "jar transforms Thread 86" [_thread_blocked, id=1448, stack(0x0000000026640000,0x0000000026740000)]
  0x000000001d617000 JavaThread "jar transforms Thread 85" [_thread_blocked, id=756, stack(0x0000000026540000,0x0000000026640000)]
  0x000000001d614000 JavaThread "jar transforms Thread 84" [_thread_blocked, id=14156, stack(0x0000000026440000,0x0000000026540000)]
  0x000000001d614800 JavaThread "jar transforms Thread 83" [_thread_blocked, id=14548, stack(0x0000000026340000,0x0000000026440000)]
  0x000000001d616000 JavaThread "jar transforms Thread 82" [_thread_blocked, id=5944, stack(0x0000000026240000,0x0000000026340000)]
  0x000000001d612800 JavaThread "jar transforms Thread 81" [_thread_blocked, id=10608, stack(0x0000000026140000,0x0000000026240000)]
  0x000000001d611800 JavaThread "jar transforms Thread 80" [_thread_blocked, id=14592, stack(0x0000000026040000,0x0000000026140000)]
  0x000000001d613000 JavaThread "jar transforms Thread 79" [_thread_blocked, id=15508, stack(0x0000000025f40000,0x0000000026040000)]
  0x000000001d617800 JavaThread "jar transforms Thread 78" [_thread_blocked, id=15028, stack(0x0000000025e40000,0x0000000025f40000)]
  0x000000001d618800 JavaThread "jar transforms Thread 77" [_thread_blocked, id=14684, stack(0x0000000025d40000,0x0000000025e40000)]
  0x000000001d60a000 JavaThread "jar transforms Thread 76" [_thread_blocked, id=13192, stack(0x0000000025c40000,0x0000000025d40000)]
  0x000000001d60c800 JavaThread "jar transforms Thread 75" [_thread_blocked, id=13992, stack(0x0000000025b40000,0x0000000025c40000)]
  0x000000001d611000 JavaThread "jar transforms Thread 74" [_thread_blocked, id=6756, stack(0x0000000025a40000,0x0000000025b40000)]
  0x000000001d60e800 JavaThread "jar transforms Thread 73" [_thread_blocked, id=12232, stack(0x0000000025940000,0x0000000025a40000)]
  0x000000001d60e000 JavaThread "jar transforms Thread 72" [_thread_blocked, id=6880, stack(0x0000000025840000,0x0000000025940000)]
  0x000000001d609800 JavaThread "jar transforms Thread 71" [_thread_blocked, id=12840, stack(0x0000000025740000,0x0000000025840000)]
  0x000000001d610000 JavaThread "jar transforms Thread 70" [_thread_blocked, id=16148, stack(0x0000000025640000,0x0000000025740000)]
  0x000000001d60b800 JavaThread "jar transforms Thread 69" [_thread_blocked, id=11220, stack(0x0000000025540000,0x0000000025640000)]
  0x000000001d60d000 JavaThread "jar transforms Thread 68" [_thread_blocked, id=9752, stack(0x0000000025440000,0x0000000025540000)]
  0x000000001d60b000 JavaThread "jar transforms Thread 67" [_thread_blocked, id=2560, stack(0x0000000025340000,0x0000000025440000)]
  0x000000001d60f800 JavaThread "jar transforms Thread 66" [_thread_blocked, id=4180, stack(0x0000000025240000,0x0000000025340000)]
  0x000000001a323800 JavaThread "jar transforms Thread 65" [_thread_blocked, id=15824, stack(0x0000000025140000,0x0000000025240000)]
  0x000000001a322000 JavaThread "jar transforms Thread 64" [_thread_blocked, id=16336, stack(0x0000000025040000,0x0000000025140000)]
  0x000000001a322800 JavaThread "jar transforms Thread 63" [_thread_blocked, id=2580, stack(0x0000000024f40000,0x0000000025040000)]
  0x000000001a321000 JavaThread "jar transforms Thread 62" [_thread_blocked, id=6592, stack(0x0000000024e40000,0x0000000024f40000)]
  0x000000001a31f800 JavaThread "jar transforms Thread 61" [_thread_blocked, id=13792, stack(0x0000000024d40000,0x0000000024e40000)]
  0x000000001a320800 JavaThread "jar transforms Thread 60" [_thread_blocked, id=752, stack(0x0000000024c40000,0x0000000024d40000)]
  0x000000001a31f000 JavaThread "jar transforms Thread 59" [_thread_blocked, id=12652, stack(0x0000000024b40000,0x0000000024c40000)]
  0x000000001a317800 JavaThread "jar transforms Thread 58" [_thread_blocked, id=11000, stack(0x0000000024a40000,0x0000000024b40000)]
  0x000000001a31e000 JavaThread "jar transforms Thread 57" [_thread_blocked, id=9088, stack(0x0000000024940000,0x0000000024a40000)]
  0x000000001a31b000 JavaThread "jar transforms Thread 56" [_thread_blocked, id=6148, stack(0x0000000024840000,0x0000000024940000)]
  0x000000001a31d800 JavaThread "jar transforms Thread 55" [_thread_blocked, id=11968, stack(0x0000000024740000,0x0000000024840000)]
  0x000000001a316800 JavaThread "jar transforms Thread 54" [_thread_blocked, id=11940, stack(0x0000000024640000,0x0000000024740000)]
  0x000000001a316000 JavaThread "jar transforms Thread 53" [_thread_blocked, id=1556, stack(0x0000000024540000,0x0000000024640000)]
  0x000000001a31c800 JavaThread "jar transforms Thread 52" [_thread_blocked, id=16192, stack(0x0000000024440000,0x0000000024540000)]
  0x000000001a319000 JavaThread "jar transforms Thread 51" [_thread_blocked, id=484, stack(0x0000000024340000,0x0000000024440000)]
  0x000000001a31c000 JavaThread "jar transforms Thread 50" [_thread_blocked, id=16184, stack(0x0000000024240000,0x0000000024340000)]
  0x000000001a314800 JavaThread "jar transforms Thread 49" [_thread_blocked, id=16292, stack(0x0000000024140000,0x0000000024240000)]
  0x000000001a31a800 JavaThread "jar transforms Thread 48" [_thread_blocked, id=7204, stack(0x0000000024040000,0x0000000024140000)]
  0x000000001a318000 JavaThread "jar transforms Thread 47" [_thread_blocked, id=7500, stack(0x0000000023f40000,0x0000000024040000)]
  0x000000001a319800 JavaThread "jar transforms Thread 46" [_thread_blocked, id=15428, stack(0x0000000023e40000,0x0000000023f40000)]
  0x000000001a315000 JavaThread "jar transforms Thread 45" [_thread_blocked, id=2900, stack(0x0000000023d40000,0x0000000023e40000)]
  0x000000001988a000 JavaThread "jar transforms Thread 44" [_thread_blocked, id=15164, stack(0x0000000023c40000,0x0000000023d40000)]
  0x000000001988f000 JavaThread "jar transforms Thread 43" [_thread_blocked, id=14172, stack(0x0000000023b40000,0x0000000023c40000)]
  0x0000000019889000 JavaThread "jar transforms Thread 42" [_thread_blocked, id=15840, stack(0x0000000023a40000,0x0000000023b40000)]
  0x000000001988d000 JavaThread "jar transforms Thread 41" [_thread_blocked, id=10660, stack(0x0000000023940000,0x0000000023a40000)]
  0x0000000019888800 JavaThread "jar transforms Thread 40" [_thread_blocked, id=6584, stack(0x0000000023840000,0x0000000023940000)]
  0x000000001988e800 JavaThread "jar transforms Thread 39" [_thread_blocked, id=7680, stack(0x0000000023740000,0x0000000023840000)]
  0x000000001988a800 JavaThread "jar transforms Thread 38" [_thread_blocked, id=12020, stack(0x0000000023640000,0x0000000023740000)]
  0x0000000019887800 JavaThread "jar transforms Thread 37" [_thread_blocked, id=5324, stack(0x0000000023540000,0x0000000023640000)]
  0x000000001988d800 JavaThread "jar transforms Thread 36" [_thread_blocked, id=10772, stack(0x0000000023440000,0x0000000023540000)]
  0x000000001988c000 JavaThread "jar transforms Thread 35" [_thread_blocked, id=4360, stack(0x0000000023340000,0x0000000023440000)]
  0x000000001988b800 JavaThread "jar transforms Thread 34" [_thread_blocked, id=8572, stack(0x0000000023240000,0x0000000023340000)]
  0x0000000019880000 JavaThread "jar transforms Thread 33" [_thread_blocked, id=2480, stack(0x0000000023140000,0x0000000023240000)]
  0x0000000019886000 JavaThread "jar transforms Thread 32" [_thread_blocked, id=11116, stack(0x0000000023040000,0x0000000023140000)]
  0x0000000019885800 JavaThread "jar transforms Thread 31" [_thread_blocked, id=14648, stack(0x0000000022f40000,0x0000000023040000)]
  0x0000000019883000 JavaThread "jar transforms Thread 30" [_thread_blocked, id=10936, stack(0x0000000022e40000,0x0000000022f40000)]
  0x0000000019887000 JavaThread "jar transforms Thread 29" [_thread_blocked, id=9032, stack(0x0000000022d40000,0x0000000022e40000)]
  0x0000000019884800 JavaThread "jar transforms Thread 28" [_thread_blocked, id=6704, stack(0x0000000022c40000,0x0000000022d40000)]
  0x0000000019882000 JavaThread "jar transforms Thread 27" [_thread_blocked, id=4996, stack(0x0000000022b40000,0x0000000022c40000)]
  0x0000000019883800 JavaThread "jar transforms Thread 26" [_thread_blocked, id=14428, stack(0x0000000022a40000,0x0000000022b40000)]
  0x0000000019881800 JavaThread "jar transforms Thread 25" [_thread_blocked, id=10840, stack(0x0000000022940000,0x0000000022a40000)]
  0x0000000019880800 JavaThread "jar transforms Thread 24" [_thread_blocked, id=10288, stack(0x0000000022840000,0x0000000022940000)]
  0x000000001b4da800 JavaThread "jar transforms Thread 23" [_thread_blocked, id=13956, stack(0x0000000022740000,0x0000000022840000)]
  0x000000001b4da000 JavaThread "jar transforms Thread 22" [_thread_blocked, id=7716, stack(0x0000000022640000,0x0000000022740000)]
  0x000000001b4db800 JavaThread "jar transforms Thread 21" [_thread_blocked, id=12268, stack(0x0000000022540000,0x0000000022640000)]
  0x000000001b4dc000 JavaThread "jar transforms Thread 20" [_thread_blocked, id=8312, stack(0x0000000022440000,0x0000000022540000)]
  0x000000001b4d8800 JavaThread "jar transforms Thread 19" [_thread_blocked, id=8876, stack(0x0000000022340000,0x0000000022440000)]
  0x000000001b4d6800 JavaThread "jar transforms Thread 18" [_thread_blocked, id=4144, stack(0x0000000022240000,0x0000000022340000)]
  0x000000001b4d5000 JavaThread "jar transforms Thread 17" [_thread_blocked, id=13900, stack(0x0000000022140000,0x0000000022240000)]
  0x000000001b4d7800 JavaThread "jar transforms Thread 16" [_thread_blocked, id=9172, stack(0x0000000022040000,0x0000000022140000)]
  0x000000001b4d6000 JavaThread "jar transforms Thread 15" [_thread_blocked, id=11740, stack(0x0000000021f40000,0x0000000022040000)]
  0x000000001b4d9000 JavaThread "jar transforms Thread 14" [_thread_blocked, id=9768, stack(0x0000000021e40000,0x0000000021f40000)]
  0x000000001dd5d000 JavaThread "jar transforms Thread 13" [_thread_blocked, id=10432, stack(0x0000000021d40000,0x0000000021e40000)]
  0x000000001dd59000 JavaThread "jar transforms Thread 12" [_thread_blocked, id=15648, stack(0x0000000021c40000,0x0000000021d40000)]
  0x000000001dd5d800 JavaThread "jar transforms Thread 11" [_thread_blocked, id=16108, stack(0x0000000021b40000,0x0000000021c40000)]
  0x000000001dd60000 JavaThread "jar transforms Thread 10" [_thread_blocked, id=16064, stack(0x0000000021940000,0x0000000021a40000)]
  0x000000001dd5e800 JavaThread "jar transforms Thread 9" [_thread_blocked, id=2872, stack(0x0000000021840000,0x0000000021940000)]
  0x000000001dd5f000 JavaThread "jar transforms Thread 8" [_thread_blocked, id=15512, stack(0x0000000021740000,0x0000000021840000)]
  0x000000001dd5c000 JavaThread "jar transforms Thread 7" [_thread_blocked, id=1260, stack(0x0000000021640000,0x0000000021740000)]
  0x000000001dd5b800 JavaThread "jar transforms Thread 6" [_thread_blocked, id=5072, stack(0x0000000021540000,0x0000000021640000)]
  0x000000001dd54000 JavaThread "jar transforms Thread 5" [_thread_blocked, id=2952, stack(0x0000000021440000,0x0000000021540000)]
  0x000000001dd58800 JavaThread "jar transforms Thread 4" [_thread_blocked, id=14140, stack(0x0000000021340000,0x0000000021440000)]
  0x000000001dd5a800 JavaThread "jar transforms Thread 3" [_thread_blocked, id=5316, stack(0x0000000021240000,0x0000000021340000)]
  0x000000001dd5a000 JavaThread "jar transforms Thread 2" [_thread_blocked, id=1460, stack(0x0000000021140000,0x0000000021240000)]
  0x000000001dd57000 JavaThread "Build operations Thread 4" [_thread_blocked, id=6588, stack(0x0000000021040000,0x0000000021140000)]
  0x000000001dd56000 JavaThread "Build operations Thread 3" [_thread_blocked, id=10136, stack(0x0000000020f40000,0x0000000021040000)]
  0x000000001dd57800 JavaThread "Build operations Thread 2" [_thread_blocked, id=14412, stack(0x0000000020e40000,0x0000000020f40000)]
  0x000000001dd51000 JavaThread "Build operations" [_thread_blocked, id=15160, stack(0x0000000020d40000,0x0000000020e40000)]
  0x00000000173a1000 JavaThread "Cache worker for file content cache (C:\Users\sonam\.gradle\caches\6.5\fileContent)" [_thread_blocked, id=7096, stack(0x0000000020640000,0x0000000020740000)]
  0x00000000173a0000 JavaThread "jar transforms" [_thread_blocked, id=12832, stack(0x0000000020540000,0x0000000020640000)]
  0x000000001739d000 JavaThread "Cache worker for execution history cache (C:\Users\sonam\.gradle\caches\6.5\executionHistory)" [_thread_blocked, id=15916, stack(0x000000001fe40000,0x000000001ff40000)]
  0x000000001739b800 JavaThread "Cache worker for cache directory md-rule (C:\Users\sonam\.gradle\caches\6.5\md-rule)" [_thread_blocked, id=612, stack(0x000000001fd40000,0x000000001fe40000)]
  0x000000001739e000 JavaThread "Cache worker for cache directory md-supplier (C:\Users\sonam\.gradle\caches\6.5\md-supplier)" [_thread_blocked, id=15364, stack(0x000000001fc40000,0x000000001fd40000)]
  0x000000001739b000 JavaThread "Cache worker for checksums cache (C:\Users\sonam\Desktop\ITW202\Lab\TODO_13\.gradle\checksums)" [_thread_blocked, id=12836, stack(0x000000001e8e0000,0x000000001e9e0000)]
  0x00000000173a1800 JavaThread "Cache worker for file hash cache (C:\Users\sonam\Desktop\ITW202\Lab\TODO_13\.gradle\6.5\fileHashes)" [_thread_blocked, id=11396, stack(0x000000001e5e0000,0x000000001e6e0000)]
  0x000000001739f800 JavaThread "Cache worker for file hash cache (C:\Users\sonam\.gradle\caches\6.5\fileHashes)" [_thread_blocked, id=1216, stack(0x000000001d310000,0x000000001d410000)]
  0x000000001739e800 JavaThread "File lock request listener" [_thread_in_native, id=16044, stack(0x000000001d210000,0x000000001d310000)]
  0x000000001b0ba000 JavaThread "Cache worker for journal cache (C:\Users\sonam\.gradle\caches\journal-1)" [_thread_blocked, id=15236, stack(0x000000001d110000,0x000000001d210000)]
  0x000000001ae8a800 JavaThread "Thread-9" [_thread_blocked, id=8432, stack(0x000000001ce10000,0x000000001cf10000)]
  0x000000001aebf000 JavaThread "Stdin handler" [_thread_blocked, id=7644, stack(0x000000001cd10000,0x000000001ce10000)]
  0x000000001ae7f800 JavaThread "Asynchronous log dispatcher for DefaultDaemonConnection: socket connection from /127.0.0.1:57032 to /127.0.0.1:57033" [_thread_blocked, id=4900, stack(0x000000001cc10000,0x000000001cd10000)]
  0x000000001ae74000 JavaThread "Daemon worker" [_thread_blocked, id=11688, stack(0x000000001cb10000,0x000000001cc10000)]
  0x000000001ae6d000 JavaThread "Cancel handler" [_thread_blocked, id=11056, stack(0x000000001ca10000,0x000000001cb10000)]
  0x000000001ae58800 JavaThread "Handler for socket connection from /127.0.0.1:57032 to /127.0.0.1:57033" [_thread_in_native, id=5828, stack(0x000000001c910000,0x000000001ca10000)]
  0x000000001ae4a000 JavaThread "Daemon" [_thread_blocked, id=6892, stack(0x000000001c810000,0x000000001c910000)]
  0x000000001ae4b000 JavaThread "Daemon periodic checks" [_thread_blocked, id=6228, stack(0x000000001c510000,0x000000001c610000)]
  0x000000001ade0000 JavaThread "Incoming local TCP Connector on port 57032" [_thread_in_native, id=16052, stack(0x000000001c2d0000,0x000000001c3d0000)]
  0x000000001adba000 JavaThread "Daemon health stats" [_thread_blocked, id=16304, stack(0x000000001bc90000,0x000000001bd90000)]
  0x00000000173dc000 JavaThread "Service Thread" daemon [_thread_blocked, id=9352, stack(0x00000000190f0000,0x00000000191f0000)]
  0x000000001739c800 JavaThread "C1 CompilerThread2" daemon [_thread_blocked, id=3828, stack(0x0000000018bf0000,0x0000000018cf0000)]
=>0x000000001738b000 JavaThread "C2 CompilerThread1" daemon [_thread_in_native, id=9700, stack(0x0000000018af0000,0x0000000018bf0000)]
  0x0000000017384000 JavaThread "C2 CompilerThread0" daemon [_thread_in_native, id=8524, stack(0x00000000189f0000,0x0000000018af0000)]
  0x0000000017381800 JavaThread "Attach Listener" daemon [_thread_blocked, id=8996, stack(0x00000000188f0000,0x00000000189f0000)]
  0x0000000017386000 JavaThread "Signal Dispatcher" daemon [_thread_blocked, id=15532, stack(0x00000000187f0000,0x00000000188f0000)]
  0x000000000275c800 JavaThread "Finalizer" daemon [_thread_blocked, id=7560, stack(0x00000000185f0000,0x00000000186f0000)]
  0x0000000017369800 JavaThread "Reference Handler" daemon [_thread_blocked, id=15680, stack(0x00000000184f0000,0x00000000185f0000)]
  0x000000000265e800 JavaThread "main" [_thread_blocked, id=8060, stack(0x0000000002520000,0x0000000002620000)]

Other Threads:
  0x0000000017346000 VMThread [stack: 0x00000000183f0000,0x00000000184f0000] [id=12340]
  0x0000000018d2d800 WatcherThread [stack: 0x00000000191f0000,0x00000000192f0000] [id=7496]

VM state:not at safepoint (normal execution)

VM Mutex/Monitor currently owned by a thread: None

OutOfMemory and StackOverflow Exception counts:
OutOfMemoryError java_heap_errors=1

heap address: 0x0000000080000000, size: 2048 MB, Compressed Oops mode: 32-bit
Narrow klass base: 0x0000000000000000, Narrow klass shift: 3
Compressed class space size: 1073741824 Address: 0x0000000100000000

Heap:
 PSYoungGen      total 148480K, used 66913K [0x00000000d5580000, 0x00000000e0180000, 0x0000000100000000)
  eden space 123904K, 34% used [0x00000000d5580000,0x00000000d7f98a88,0x00000000dce80000)
  from space 24576K, 96% used [0x00000000dce80000,0x00000000de5bfca8,0x00000000de680000)
  to   space 26112K, 0% used [0x00000000de680000,0x00000000de680000,0x00000000e0000000)
 ParOldGen       total 98816K, used 63267K [0x0000000080000000, 0x0000000086080000, 0x00000000d5580000)
  object space 98816K, 64% used [0x0000000080000000,0x0000000083dc8d58,0x0000000086080000)
 Metaspace       used 78993K, capacity 82534K, committed 82712K, reserved 1120256K
  class space    used 10564K, capacity 11225K, committed 11312K, reserved 1048576K

Card table byte_map: [0x0000000011b20000,0x0000000011f30000] byte_map_base: 0x0000000011720000

Marking Bits: (ParMarkBitMap*) 0x000000007312f030
 Begin Bits: [0x00000000125e0000, 0x00000000145e0000)
 End Bits:   [0x00000000145e0000, 0x00000000165e0000)

Polling page: 0x0000000000760000

CodeCache: size=245760Kb used=31285Kb max_used=31296Kb free=214474Kb
 bounds [0x0000000002760000, 0x0000000004650000, 0x0000000011760000]
 total_blobs=10582 nmethods=9629 adapters=865
 compilation: enabled

Compilation events (10 events):
Event: 47.454 Thread 0x000000001739c800 11268       1       com.android.builder.desugaring.DesugaringData::getPath (5 bytes)
Event: 47.454 Thread 0x000000001739c800 nmethod 11268 0x00000000034bc590 code [0x00000000034bc6e0, 0x00000000034bc7f0]
Event: 47.494 Thread 0x000000001739c800 11279       3       com.android.builder.desugaring.TypeDependencies::reverseMapping (153 bytes)
Event: 47.496 Thread 0x000000001739c800 nmethod 11279 0x000000000322f890 code [0x000000000322fb60, 0x0000000003231048]
Event: 47.496 Thread 0x000000001739c800 11280       3       com.google.common.collect.ImmutableSet::of (4 bytes)
Event: 47.496 Thread 0x000000001739c800 nmethod 11280 0x0000000003ba7b10 code [0x0000000003ba7c60, 0x0000000003ba7d90]
Event: 47.496 Thread 0x000000001739c800 11282       3       com.android.builder.desugaring.TypeDependencies::getDependents (17 bytes)
Event: 47.496 Thread 0x000000001739c800 nmethod 11282 0x0000000003c7fd90 code [0x0000000003c7ff20, 0x0000000003c802d8]
Event: 47.496 Thread 0x000000001739c800 11281       3       com.android.builder.desugaring.TypeDependencies$$Lambda$726/578563260::apply (12 bytes)
Event: 47.497 Thread 0x000000001739c800 nmethod 11281 0x00000000038a2090 code [0x00000000038a2240, 0x00000000038a27d8]

GC Heap History (10 events):
Event: 26.747 GC heap before
{Heap before GC invocations=22 (full 3):
 PSYoungGen      total 109056K, used 106736K [0x00000000d5580000, 0x00000000dd180000, 0x0000000100000000)
  eden space 97280K, 100% used [0x00000000d5580000,0x00000000db480000,0x00000000db480000)
  from space 11776K, 80% used [0x00000000dc600000,0x00000000dcf3c310,0x00000000dd180000)
  to   space 14848K, 0% used [0x00000000db480000,0x00000000db480000,0x00000000dc300000)
 ParOldGen       total 98816K, used 32350K [0x0000000080000000, 0x0000000086080000, 0x00000000d5580000)
  object space 98816K, 32% used [0x0000000080000000,0x0000000081f979e0,0x0000000086080000)
 Metaspace       used 65765K, capacity 68858K, committed 69016K, reserved 1107968K
  class space    used 9017K, capacity 9632K, committed 9648K, reserved 1048576K
Event: 26.922 GC heap after
Heap after GC invocations=22 (full 3):
 PSYoungGen      total 112128K, used 14835K [0x00000000d5580000, 0x00000000de880000, 0x0000000100000000)
  eden space 97280K, 0% used [0x00000000d5580000,0x00000000d5580000,0x00000000db480000)
  from space 14848K, 99% used [0x00000000db480000,0x00000000dc2fccb0,0x00000000dc300000)
  to   space 19968K, 0% used [0x00000000dd500000,0x00000000dd500000,0x00000000de880000)
 ParOldGen       total 98816K, used 40973K [0x0000000080000000, 0x0000000086080000, 0x00000000d5580000)
  object space 98816K, 41% used [0x0000000080000000,0x00000000828037f0,0x0000000086080000)
 Metaspace       used 65765K, capacity 68858K, committed 69016K, reserved 1107968K
  class space    used 9017K, capacity 9632K, committed 9648K, reserved 1048576K
}
Event: 32.326 GC heap before
{Heap before GC invocations=23 (full 3):
 PSYoungGen      total 112128K, used 112115K [0x00000000d5580000, 0x00000000de880000, 0x0000000100000000)
  eden space 97280K, 100% used [0x00000000d5580000,0x00000000db480000,0x00000000db480000)
  from space 14848K, 99% used [0x00000000db480000,0x00000000dc2fccb0,0x00000000dc300000)
  to   space 19968K, 0% used [0x00000000dd500000,0x00000000dd500000,0x00000000de880000)
 ParOldGen       total 98816K, used 40973K [0x0000000080000000, 0x0000000086080000, 0x00000000d5580000)
  object space 98816K, 41% used [0x0000000080000000,0x00000000828037f0,0x0000000086080000)
 Metaspace       used 68217K, capacity 71316K, committed 71576K, reserved 1112064K
  class space    used 9278K, capacity 9895K, committed 9904K, reserved 1048576K
Event: 32.379 GC heap after
Heap after GC invocations=23 (full 3):
 PSYoungGen      total 129024K, used 15768K [0x00000000d5580000, 0x00000000dea00000, 0x0000000100000000)
  eden space 109056K, 0% used [0x00000000d5580000,0x00000000d5580000,0x00000000dc000000)
  from space 19968K, 78% used [0x00000000dd500000,0x00000000de466208,0x00000000de880000)
  to   space 21504K, 0% used [0x00000000dc000000,0x00000000dc000000,0x00000000dd500000)
 ParOldGen       total 98816K, used 45736K [0x0000000080000000, 0x0000000086080000, 0x00000000d5580000)
  object space 98816K, 46% used [0x0000000080000000,0x0000000082caa120,0x0000000086080000)
 Metaspace       used 68217K, capacity 71316K, committed 71576K, reserved 1112064K
  class space    used 9278K, capacity 9895K, committed 9904K, reserved 1048576K
}
Event: 35.482 GC heap before
{Heap before GC invocations=24 (full 3):
 PSYoungGen      total 129024K, used 124824K [0x00000000d5580000, 0x00000000dea00000, 0x0000000100000000)
  eden space 109056K, 100% used [0x00000000d5580000,0x00000000dc000000,0x00000000dc000000)
  from space 19968K, 78% used [0x00000000dd500000,0x00000000de466208,0x00000000de880000)
  to   space 21504K, 0% used [0x00000000dc000000,0x00000000dc000000,0x00000000dd500000)
 ParOldGen       total 98816K, used 45736K [0x0000000080000000, 0x0000000086080000, 0x00000000d5580000)
  object space 98816K, 46% used [0x0000000080000000,0x0000000082caa120,0x0000000086080000)
 Metaspace       used 71168K, capacity 74442K, committed 74520K, reserved 1114112K
  class space    used 9640K, capacity 10244K, committed 10288K, reserved 1048576K
Event: 35.575 GC heap after
Heap after GC invocations=24 (full 3):
 PSYoungGen      total 130560K, used 21488K [0x00000000d5580000, 0x00000000e0000000, 0x0000000100000000)
  eden space 109056K, 0% used [0x00000000d5580000,0x00000000d5580000,0x00000000dc000000)
  from space 21504K, 99% used [0x00000000dc000000,0x00000000dd4fc1b0,0x00000000dd500000)
  to   space 26112K, 0% used [0x00000000de680000,0x00000000de680000,0x00000000e0000000)
 ParOldGen       total 98816K, used 48342K [0x0000000080000000, 0x0000000086080000, 0x00000000d5580000)
  object space 98816K, 48% used [0x0000000080000000,0x0000000082f35b10,0x0000000086080000)
 Metaspace       used 71168K, capacity 74442K, committed 74520K, reserved 1114112K
  class space    used 9640K, capacity 10244K, committed 10288K, reserved 1048576K
}
Event: 41.953 GC heap before
{Heap before GC invocations=25 (full 3):
 PSYoungGen      total 130560K, used 130544K [0x00000000d5580000, 0x00000000e0000000, 0x0000000100000000)
  eden space 109056K, 100% used [0x00000000d5580000,0x00000000dc000000,0x00000000dc000000)
  from space 21504K, 99% used [0x00000000dc000000,0x00000000dd4fc1b0,0x00000000dd500000)
  to   space 26112K, 0% used [0x00000000de680000,0x00000000de680000,0x00000000e0000000)
 ParOldGen       total 98816K, used 48342K [0x0000000080000000, 0x0000000086080000, 0x00000000d5580000)
  object space 98816K, 48% used [0x0000000080000000,0x0000000082f35b10,0x0000000086080000)
 Metaspace       used 73481K, capacity 76858K, committed 77208K, reserved 1116160K
  class space    used 9889K, capacity 10546K, committed 10672K, reserved 1048576K
Event: 42.529 GC heap after
Heap after GC invocations=25 (full 3):
 PSYoungGen      total 150016K, used 11770K [0x00000000d5580000, 0x00000000e0180000, 0x0000000100000000)
  eden space 123904K, 0% used [0x00000000d5580000,0x00000000d5580000,0x00000000dce80000)
  from space 26112K, 45% used [0x00000000de680000,0x00000000df1fe898,0x00000000e0000000)
  to   space 24576K, 0% used [0x00000000dce80000,0x00000000dce80000,0x00000000de680000)
 ParOldGen       total 98816K, used 63259K [0x0000000080000000, 0x0000000086080000, 0x00000000d5580000)
  object space 98816K, 64% used [0x0000000080000000,0x0000000083dc6d58,0x0000000086080000)
 Metaspace       used 73481K, capacity 76858K, committed 77208K, reserved 1116160K
  class space    used 9889K, capacity 10546K, committed 10672K, reserved 1048576K
}
Event: 46.999 GC heap before
{Heap before GC invocations=26 (full 3):
 PSYoungGen      total 150016K, used 135674K [0x00000000d5580000, 0x00000000e0180000, 0x0000000100000000)
  eden space 123904K, 100% used [0x00000000d5580000,0x00000000dce80000,0x00000000dce80000)
  from space 26112K, 45% used [0x00000000de680000,0x00000000df1fe898,0x00000000e0000000)
  to   space 24576K, 0% used [0x00000000dce80000,0x00000000dce80000,0x00000000de680000)
 ParOldGen       total 98816K, used 63259K [0x0000000080000000, 0x0000000086080000, 0x00000000d5580000)
  object space 98816K, 64% used [0x0000000080000000,0x0000000083dc6d58,0x0000000086080000)
 Metaspace       used 78928K, capacity 82456K, committed 82712K, reserved 1120256K
  class space    used 10554K, capacity 11222K, committed 11312K, reserved 1048576K
Event: 47.135 GC heap after
Heap after GC invocations=26 (full 3):
 PSYoungGen      total 148480K, used 23807K [0x00000000d5580000, 0x00000000e0180000, 0x0000000100000000)
  eden space 123904K, 0% used [0x00000000d5580000,0x00000000d5580000,0x00000000dce80000)
  from space 24576K, 96% used [0x00000000dce80000,0x00000000de5bfca8,0x00000000de680000)
  to   space 26112K, 0% used [0x00000000de680000,0x00000000de680000,0x00000000e0000000)
 ParOldGen       total 98816K, used 63267K [0x0000000080000000, 0x0000000086080000, 0x00000000d5580000)
  object space 98816K, 64% used [0x0000000080000000,0x0000000083dc8d58,0x0000000086080000)
 Metaspace       used 78928K, capacity 82456K, committed 82712K, reserved 1120256K
  class space    used 10554K, capacity 11222K, committed 11312K, reserved 1048576K
}

Deoptimization events (10 events):
Event: 46.058 Thread 0x000000001a3fa000 Uncommon trap: reason=bimorphic action=maybe_recompile pc=0x0000000003b6273c method=java.io.ObjectOutputStream$BlockDataOutputStream.drain()V @ 36
Event: 46.098 Thread 0x000000001a3fa000 Uncommon trap: reason=bimorphic action=maybe_recompile pc=0x000000000419c610 method=com.google.common.collect.AbstractIndexedListIterator.next()Ljava/lang/Object; @ 27
Event: 46.106 Thread 0x000000001a3fa000 Uncommon trap: reason=bimorphic action=maybe_recompile pc=0x000000000419c610 method=com.google.common.collect.AbstractIndexedListIterator.next()Ljava/lang/Object; @ 27
Event: 46.107 Thread 0x000000001a3fa000 Uncommon trap: reason=bimorphic action=maybe_recompile pc=0x000000000419c610 method=com.google.common.collect.AbstractIndexedListIterator.next()Ljava/lang/Object; @ 27
Event: 46.107 Thread 0x000000001a3fa000 Uncommon trap: reason=bimorphic action=maybe_recompile pc=0x000000000419c610 method=com.google.common.collect.AbstractIndexedListIterator.next()Ljava/lang/Object; @ 27
Event: 46.524 Thread 0x0000000019d24000 Uncommon trap: reason=unstable_if action=reinterpret pc=0x0000000003bfe02c method=org.objectweb.asm.ClassReader.readField(Lorg/objectweb/asm/ClassVisitor;Lorg/objectweb/asm/Context;I)I @ 115
Event: 46.788 Thread 0x0000000019d24000 Uncommon trap: reason=unstable_if action=reinterpret pc=0x000000000328ad74 method=org.objectweb.asm.ClassReader.readUtf(II[C)Ljava/lang/String; @ 41
Event: 46.795 Thread 0x0000000019042000 Uncommon trap: reason=unstable_if action=reinterpret pc=0x0000000003a7871c method=org.objectweb.asm.ClassReader.readField(Lorg/objectweb/asm/ClassVisitor;Lorg/objectweb/asm/Context;I)I @ 178
Event: 47.221 Thread 0x0000000019d24000 Uncommon trap: reason=unstable_if action=reinterpret pc=0x000000000460d658 method=org.objectweb.asm.ClassReader.readMethod(Lorg/objectweb/asm/ClassVisitor;Lorg/objectweb/asm/Context;I)I @ 316
Event: 47.318 Thread 0x000000001a3fe800 Uncommon trap: reason=null_check action=make_not_entrant pc=0x000000000463b368 method=com.android.builder.desugaring.DesugaringClassAnalyzer$Visitor.visitInnerClass(Ljava/lang/String;Ljava/lang/String;Ljava/lang/String;I)V @ 5

Classes redefined (0 events):
No events

Internal exceptions (10 events):
Event: 41.366 Thread 0x000000001ae74000 Exception <a 'sun/nio/fs/WindowsException'> (0x00000000d9d2aae0) thrown at [C:\src\AOSP-openjdk-git\hotspot\src\share\vm\prims\jni.cpp, line 710]
Event: 41.367 Thread 0x000000001ae74000 Exception <a 'sun/nio/fs/WindowsException'> (0x00000000d9d2c338) thrown at [C:\src\AOSP-openjdk-git\hotspot\src\share\vm\prims\jni.cpp, line 710]
Event: 41.369 Thread 0x000000001ae74000 Exception <a 'sun/nio/fs/WindowsException'> (0x00000000d9d353c0) thrown at [C:\src\AOSP-openjdk-git\hotspot\src\share\vm\prims\jni.cpp, line 710]
Event: 41.370 Thread 0x000000001ae74000 Exception <a 'sun/nio/fs/WindowsException'> (0x00000000d9d36c60) thrown at [C:\src\AOSP-openjdk-git\hotspot\src\share\vm\prims\jni.cpp, line 710]
Event: 41.370 Thread 0x000000001ae74000 Exception <a 'sun/nio/fs/WindowsException'> (0x00000000d9d397b8) thrown at [C:\src\AOSP-openjdk-git\hotspot\src\share\vm\prims\jni.cpp, line 710]
Event: 41.370 Thread 0x000000001ae74000 Exception <a 'sun/nio/fs/WindowsException'> (0x00000000d9d3b068) thrown at [C:\src\AOSP-openjdk-git\hotspot\src\share\vm\prims\jni.cpp, line 710]
Event: 45.632 Thread 0x000000001ae8a800 Exception <a 'java/lang/NoSuchMethodError': <clinit>> (0x00000000d7e53460) thrown at [C:\src\AOSP-openjdk-git\hotspot\src\share\vm\prims\jni.cpp, line 1615]
Event: 46.120 Thread 0x0000000019042000 Exception <a 'sun/nio/fs/WindowsException'> (0x00000000d863bcc0) thrown at [C:\src\AOSP-openjdk-git\hotspot\src\share\vm\prims\jni.cpp, line 710]
Event: 46.127 Thread 0x0000000019d24000 Exception <a 'java/lang/NoSuchMethodError': java.lang.Object.lambda$static$0(Ljava/lang/String;)Z> (0x00000000d8665f00) thrown at [C:\src\AOSP-openjdk-git\hotspot\src\share\vm\interpreter\linkResolver.cpp, line 620]
Event: 47.318 Thread 0x000000001a3fe800 Implicit null exception at 0x00000000046394db to 0x000000000463b331

Events (10 events):
Event: 47.404 Thread 0x0000000019d24000 DEOPT PACKING pc=0x00000000045b9053 sp=0x000000002d0be980
Event: 47.404 Thread 0x0000000019d24000 DEOPT UNPACKING pc=0x00000000027a71d0 sp=0x000000002d0be878 mode 0
Event: 47.422 Thread 0x0000000019042000 DEOPT PACKING pc=0x00000000045b9053 sp=0x000000002cebe7a0
Event: 47.422 Thread 0x0000000019042000 DEOPT UNPACKING pc=0x00000000027a71d0 sp=0x000000002cebe698 mode 0
Event: 47.458 loading class com/google/common/cache/LocalCache$StrongAccessEntry
Event: 47.458 loading class com/google/common/cache/LocalCache$StrongAccessEntry done
Event: 47.461 loading class com/google/common/cache/LocalCache$NullEntry
Event: 47.461 loading class com/google/common/cache/LocalCache$NullEntry done
Event: 47.464 loading class com/android/builder/desugaring/TypeDependencies
Event: 47.464 loading class com/android/builder/desugaring/TypeDependencies done


Dynamic libraries:
0x00007ff75bb10000 - 0x00007ff75bb41000 	C:\Program Files\Android\Android Studio\jre\bin\java.exe
0x00007ffe3ffd0000 - 0x00007ffe401c5000 	C:\WINDOWS\SYSTEM32\ntdll.dll
0x00007ffe3fe20000 - 0x00007ffe3fedd000 	C:\WINDOWS\System32\KERNEL32.DLL
0x00007ffe3d910000 - 0x00007ffe3dbd8000 	C:\WINDOWS\System32\KERNELBASE.dll
0x00007ffe3fee0000 - 0x00007ffe3ff8c000 	C:\WINDOWS\System32\ADVAPI32.dll
0x00007ffe3f160000 - 0x00007ffe3f1fe000 	C:\WINDOWS\System32\msvcrt.dll
0x00007ffe3fd80000 - 0x00007ffe3fe1b000 	C:\WINDOWS\System32\sechost.dll
0x00007ffe3f5c0000 - 0x00007ffe3f6eb000 	C:\WINDOWS\System32\RPCRT4.dll
0x00007ffe3f6f0000 - 0x00007ffe3f890000 	C:\WINDOWS\System32\USER32.dll
0x00007ffe3ddc0000 - 0x00007ffe3dde2000 	C:\WINDOWS\System32\win32u.dll
0x00007ffe3e060000 - 0x00007ffe3e08a000 	C:\WINDOWS\System32\GDI32.dll
0x00007ffe3df20000 - 0x00007ffe3e02b000 	C:\WINDOWS\System32\gdi32full.dll
0x00007ffe3d810000 - 0x00007ffe3d8ad000 	C:\WINDOWS\System32\msvcp_win.dll
0x00007ffe3d710000 - 0x00007ffe3d810000 	C:\WINDOWS\System32\ucrtbase.dll
0x00007ffe25a50000 - 0x00007ffe25cea000 	C:\WINDOWS\WinSxS\amd64_microsoft.windows.common-controls_6595b64144ccf1df_6.0.19041.844_none_ca00b6081b84eb1d\COMCTL32.dll
0x00007ffe3e030000 - 0x00007ffe3e060000 	C:\WINDOWS\System32\IMM32.DLL
0x0000000072550000 - 0x0000000072622000 	C:\Program Files\Android\Android Studio\jre\jre\bin\msvcr100.dll
0x0000000072960000 - 0x00000000731ab000 	C:\Program Files\Android\Android Studio\jre\jre\bin\server\jvm.dll
0x00007ffe3e840000 - 0x00007ffe3e848000 	C:\WINDOWS\System32\PSAPI.DLL
0x00007ffe2d360000 - 0x00007ffe2d36a000 	C:\WINDOWS\SYSTEM32\VERSION.dll
0x00007ffe2be40000 - 0x00007ffe2be67000 	C:\WINDOWS\SYSTEM32\WINMM.dll
0x00007ffe329a0000 - 0x00007ffe329a9000 	C:\WINDOWS\SYSTEM32\WSOCK32.dll
0x00007ffe3fbf0000 - 0x00007ffe3fc5b000 	C:\WINDOWS\System32\WS2_32.dll
0x00007ffe32990000 - 0x00007ffe3299f000 	C:\Program Files\Android\Android Studio\jre\jre\bin\verify.dll
0x00007ffe32960000 - 0x00007ffe32989000 	C:\Program Files\Android\Android Studio\jre\jre\bin\java.dll
0x00007ffe322a0000 - 0x00007ffe322b6000 	C:\Program Files\Android\Android Studio\jre\jre\bin\zip.dll
0x00007ffe3e0f0000 - 0x00007ffe3e832000 	C:\WINDOWS\System32\SHELL32.dll
0x00007ffe3b4f0000 - 0x00007ffe3bc81000 	C:\WINDOWS\SYSTEM32\windows.storage.dll
0x00007ffe3f890000 - 0x00007ffe3fbe5000 	C:\WINDOWS\System32\combase.dll
0x00007ffe3d110000 - 0x00007ffe3d13c000 	C:\WINDOWS\SYSTEM32\Wldp.dll
0x00007ffe3ebc0000 - 0x00007ffe3ec6e000 	C:\WINDOWS\System32\SHCORE.dll
0x00007ffe3f4d0000 - 0x00007ffe3f525000 	C:\WINDOWS\System32\shlwapi.dll
0x00007ffe3d650000 - 0x00007ffe3d66f000 	C:\WINDOWS\SYSTEM32\profapi.dll
0x00007ffe32280000 - 0x00007ffe3229a000 	C:\Program Files\Android\Android Studio\jre\jre\bin\net.dll
0x00007ffe3ce80000 - 0x00007ffe3ceea000 	C:\WINDOWS\system32\mswsock.dll
0x00007ffe247a0000 - 0x00007ffe247b3000 	C:\Program Files\Android\Android Studio\jre\jre\bin\nio.dll
0x00007ffe0b980000 - 0x00007ffe0b9a7000 	C:\Users\sonam\.gradle\native\f6784746aeab05261644944871eae4fe03e0ef1612fff0a4a95f87b438bc6780\windows-amd64\native-platform.dll
0x00007ffe32860000 - 0x00007ffe3286d000 	C:\Program Files\Android\Android Studio\jre\jre\bin\management.dll
0x00007ffe3d060000 - 0x00007ffe3d078000 	C:\WINDOWS\SYSTEM32\CRYPTSP.dll
0x00007ffe3c7c0000 - 0x00007ffe3c7f4000 	C:\WINDOWS\system32\rsaenh.dll
0x00007ffe3dd40000 - 0x00007ffe3dd67000 	C:\WINDOWS\System32\bcrypt.dll
0x00007ffe3d5d0000 - 0x00007ffe3d5fe000 	C:\WINDOWS\SYSTEM32\USERENV.dll
0x00007ffe3ddf0000 - 0x00007ffe3de70000 	C:\WINDOWS\System32\bcryptprimitives.dll
0x00007ffe3d050000 - 0x00007ffe3d05c000 	C:\WINDOWS\SYSTEM32\CRYPTBASE.dll
0x00007ffe3cb70000 - 0x00007ffe3cbab000 	C:\WINDOWS\SYSTEM32\IPHLPAPI.DLL
0x00007ffe3ea00000 - 0x00007ffe3ea08000 	C:\WINDOWS\System32\NSI.dll
0x00007ffe2d480000 - 0x00007ffe2d497000 	C:\WINDOWS\SYSTEM32\dhcpcsvc6.DLL
0x00007ffe2d570000 - 0x00007ffe2d58d000 	C:\WINDOWS\SYSTEM32\dhcpcsvc.DLL
0x00007ffe3cbb0000 - 0x00007ffe3cc7c000 	C:\WINDOWS\SYSTEM32\DNSAPI.dll
0x00007ffe34380000 - 0x00007ffe3438b000 	C:\WINDOWS\SYSTEM32\WINNSI.DLL
0x00007ffe14c30000 - 0x00007ffe14dcc000 	C:\Program Files\Android\Android Studio\jre\jre\bin\awt.dll
0x00007ffe3f400000 - 0x00007ffe3f4cd000 	C:\WINDOWS\System32\OLEAUT32.dll
0x00007ffe3af10000 - 0x00007ffe3af3f000 	C:\WINDOWS\SYSTEM32\dwmapi.dll
0x00007ffe39330000 - 0x00007ffe398f0000 	C:\WINDOWS\SYSTEM32\d2d1.dll
0x00007ffe3a6b0000 - 0x00007ffe3a740000 	C:\WINDOWS\SYSTEM32\apphelp.dll
0x00007ffe3aaa0000 - 0x00007ffe3ab3e000 	C:\WINDOWS\system32\uxtheme.dll

VM Arguments:
jvm_args: -Xmx2048m -Dfile.encoding=UTF-8 -Duser.country=US -Duser.language=en -Duser.variant 
java_command: org.gradle.launcher.daemon.bootstrap.GradleDaemon 6.5
java_class_path (initial): C:\Users\sonam\.gradle\wrapper\dists\gradle-6.5-bin\6nifqtx7604sqp1q6g8wikw7p\gradle-6.5\lib\gradle-launcher-6.5.jar
Launcher Type: SUN_STANDARD

Environment Variables:
JAVA_HOME=C:\Program Files\Java\jdk-15.0.2
PATH=C:\Program Files\Common Files\Oracle\Java\javapath;C:\Program Files (x86)\Intel\Intel(R) Management Engine Components\iCLS\;C:\Program Files\Intel\Intel(R) Management Engine Components\iCLS\;C:\WINDOWS\system32;C:\WINDOWS;C:\WINDOWS\System32\Wbem;C:\WINDOWS\System32\WindowsPowerShell\v1.0\;C:\WINDOWS\System32\OpenSSH\;C:\Program Files (x86)\Intel\Intel(R) Management Engine Components\DAL;C:\Program Files\Intel\Intel(R) Management Engine Components\DAL;C:\Program Files (x86)\Intel\Intel(R) Management Engine Components\IPT;C:\Program Files\Intel\Intel(R) Management Engine Components\IPT;C:\Program Files\Java\jdk-15.0.2\bin;C:\Program Files\Git\cmd;C:\Users\sonam\AppData\Local\Programs\Python\Python38-32\Scripts\;C:\Users\sonam\AppData\Local\Programs\Python\Python38-32\;C:\Program Files\Java\jdk-11.0.2\bin;C:\Users\sonam\AppData\Local\Microsoft\WindowsApps;
USERNAME=sonam
OS=Windows_NT
PROCESSOR_IDENTIFIER=Intel64 Family 6 Model 142 Stepping 10, GenuineIntel



---------------  S Y S T E M  ---------------

OS: Windows 10.0 , 64 bit Build 19041 (10.0.19041.928)

CPU:total 4 (initial active 4) (2 cores per cpu, 2 threads per core) family 6 model 142 stepping 10, cmov, cx8, fxsr, mmx, sse, sse2, sse3, ssse3, sse4.1, sse4.2, popcnt, aes, clmul, erms, 3dnowpref, lzcnt, ht, tsc, tscinvbit

Memory: 4k page, physical 4075748k(58156k free), swap 16658660k(6564k free)

vm_info: OpenJDK 64-Bit Server VM (25.242-b01) for windows-amd64 JRE (1.8.0_242-release-1644-b01), built by "builder" with MS VC++ 10.0 (VS2010)

time: Fri May 07 20:51:11 2021
timezone: Bangladesh Standard Time
elapsed time: 47 seconds (0d 0h 0m 47s)

