#
# There is insufficient memory for the Java Runtime Environment to continue.
# Native memory allocation (malloc) failed to allocate 32744 bytes for ChunkPool::allocate
# Possible reasons:
#   The system is out of physical RAM or swap space
#   The process is running with CompressedOops enabled, and the Java Heap may be blocking the growth of the native heap
# Possible solutions:
#   Reduce memory load on the system
#   Increase physical memory or swap space
#   Check if swap backing store is full
#   Decrease Java heap size (-Xmx/-Xms)
#   Decrease number of Java threads
#   Decrease Java thread stack sizes (-Xss)
#   Set larger code cache with -XX:ReservedCodeCacheSize=
#   JVM is running with Unscaled Compressed Oops mode in which the Java heap is
#     placed in the first 4GB address space. The Java Heap base address is the
#     maximum limit for the native heap growth. Please use -XX:HeapBaseMinAddress
#     to set the Java Heap base and to place the Java Heap above 4GB virtual address.
# This output file may be truncated or incomplete.
#
#  Out of Memory Error (allocation.cpp:272), pid=15332, tid=0x0000000000003b7c
#
# JRE version: OpenJDK Runtime Environment (8.0_242-b01) (build 1.8.0_242-release-1644-b01)
# Java VM: OpenJDK 64-Bit Server VM (25.242-b01 mixed mode windows-amd64 compressed oops)
# Failed to write core dump. Minidumps are not enabled by default on client versions of Windows
#

---------------  T H R E A D  ---------------

Current thread (0x0000000017067800):  JavaThread "C2 CompilerThread0" daemon [_thread_in_native, id=15228, stack(0x00000000186c0000,0x00000000187c0000)]

Stack: [0x00000000186c0000,0x00000000187c0000]
[error occurred during error reporting (printing stack bounds), id 0xc0000005]

Native frames: (J=compiled Java code, j=interpreted, Vv=VM code, C=native code)


Current CompileTask:
C2:  18832 4711       4       com.sun.beans.TypeResolver::resolve (37 bytes)


---------------  P R O C E S S  ---------------

Java Threads: ( => current thread )
  0x000000001d4fc000 JavaThread "Cache worker for Build Output Cleanup Cache (C:\Users\sonam\Desktop\ITW202\Lab\TODO_13\.gradle\buildOutputCleanup)" [_thread_blocked, id=9144, stack(0x0000000026d80000,0x0000000026e80000)]
  0x000000001d503000 JavaThread "jar transforms Thread 92" [_thread_blocked, id=11156, stack(0x0000000026940000,0x0000000026a40000)]
  0x000000001d502000 JavaThread "jar transforms Thread 91" [_thread_blocked, id=10536, stack(0x0000000026840000,0x0000000026940000)]
  0x000000001d4ff000 JavaThread "jar transforms Thread 90" [_thread_blocked, id=13132, stack(0x0000000026740000,0x0000000026840000)]
  0x000000001d500800 JavaThread "jar transforms Thread 89" [_thread_blocked, id=11940, stack(0x0000000026640000,0x0000000026740000)]
  0x000000001d501800 JavaThread "jar transforms Thread 88" [_thread_blocked, id=6432, stack(0x0000000026540000,0x0000000026640000)]
  0x000000001d4fe800 JavaThread "jar transforms Thread 87" [_thread_blocked, id=3296, stack(0x0000000026440000,0x0000000026540000)]
  0x000000001d4fd800 JavaThread "jar transforms Thread 86" [_thread_blocked, id=12456, stack(0x0000000026340000,0x0000000026440000)]
  0x000000001ae42800 JavaThread "jar transforms Thread 85" [_thread_blocked, id=15168, stack(0x0000000026240000,0x0000000026340000)]
  0x000000001ae41800 JavaThread "jar transforms Thread 84" [_thread_blocked, id=15976, stack(0x0000000026140000,0x0000000026240000)]
  0x000000001ae40000 JavaThread "jar transforms Thread 83" [_thread_blocked, id=9164, stack(0x0000000026040000,0x0000000026140000)]
  0x000000001ae3f800 JavaThread "jar transforms Thread 82" [_thread_blocked, id=9088, stack(0x0000000025f40000,0x0000000026040000)]
  0x000000001ae41000 JavaThread "jar transforms Thread 81" [_thread_blocked, id=9628, stack(0x0000000025e40000,0x0000000025f40000)]
  0x000000001ae3e800 JavaThread "jar transforms Thread 80" [_thread_blocked, id=7644, stack(0x0000000025d40000,0x0000000025e40000)]
  0x000000001ae3b000 JavaThread "jar transforms Thread 79" [_thread_blocked, id=15824, stack(0x0000000025c40000,0x0000000025d40000)]
  0x000000001ae3e000 JavaThread "jar transforms Thread 78" [_thread_blocked, id=2580, stack(0x0000000025b40000,0x0000000025c40000)]
  0x000000001ae36800 JavaThread "jar transforms Thread 77" [_thread_blocked, id=16292, stack(0x0000000025a40000,0x0000000025b40000)]
  0x000000001ae3d000 JavaThread "jar transforms Thread 76" [_thread_blocked, id=14988, stack(0x0000000025940000,0x0000000025a40000)]
  0x000000001ae35800 JavaThread "jar transforms Thread 75" [_thread_blocked, id=1796, stack(0x0000000025840000,0x0000000025940000)]
  0x000000001ae3c800 JavaThread "jar transforms Thread 74" [_thread_blocked, id=7116, stack(0x0000000025740000,0x0000000025840000)]
  0x000000001ae3b800 JavaThread "jar transforms Thread 73" [_thread_blocked, id=10424, stack(0x0000000025640000,0x0000000025740000)]
  0x000000001ae34000 JavaThread "jar transforms Thread 72" [_thread_blocked, id=13116, stack(0x0000000025540000,0x0000000025640000)]
  0x000000001ae33000 JavaThread "jar transforms Thread 71" [_thread_blocked, id=9372, stack(0x0000000025440000,0x0000000025540000)]
  0x000000001ae3a000 JavaThread "jar transforms Thread 70" [_thread_blocked, id=9876, stack(0x0000000025340000,0x0000000025440000)]
  0x000000001ae35000 JavaThread "jar transforms Thread 69" [_thread_blocked, id=7796, stack(0x0000000025240000,0x0000000025340000)]
  0x000000001ae38000 JavaThread "jar transforms Thread 68" [_thread_blocked, id=7580, stack(0x0000000025140000,0x0000000025240000)]
  0x000000001ae39800 JavaThread "jar transforms Thread 67" [_thread_blocked, id=11208, stack(0x0000000025040000,0x0000000025140000)]
  0x000000001ae38800 JavaThread "jar transforms Thread 66" [_thread_blocked, id=2456, stack(0x0000000024f40000,0x0000000025040000)]
  0x000000001ae37000 JavaThread "jar transforms Thread 65" [_thread_blocked, id=9636, stack(0x0000000024e40000,0x0000000024f40000)]
  0x000000001eeea000 JavaThread "jar transforms Thread 64" [_thread_blocked, id=5344, stack(0x0000000024d40000,0x0000000024e40000)]
  0x000000001eeea800 JavaThread "jar transforms Thread 63" [_thread_blocked, id=12268, stack(0x0000000024c40000,0x0000000024d40000)]
  0x000000001eee8800 JavaThread "jar transforms Thread 62" [_thread_blocked, id=13992, stack(0x0000000024b40000,0x0000000024c40000)]
  0x000000001eee9000 JavaThread "jar transforms Thread 61" [_thread_blocked, id=9752, stack(0x0000000024a40000,0x0000000024b40000)]
  0x000000001eee7800 JavaThread "jar transforms Thread 60" [_thread_blocked, id=8876, stack(0x0000000024940000,0x0000000024a40000)]
  0x000000001eee7000 JavaThread "jar transforms Thread 59" [_thread_blocked, id=10472, stack(0x0000000024840000,0x0000000024940000)]
  0x000000001eee6000 JavaThread "jar transforms Thread 58" [_thread_blocked, id=15508, stack(0x0000000024740000,0x0000000024840000)]
  0x000000001eede800 JavaThread "jar transforms Thread 57" [_thread_blocked, id=11796, stack(0x0000000024640000,0x0000000024740000)]
  0x000000001eee5800 JavaThread "jar transforms Thread 56" [_thread_blocked, id=10900, stack(0x0000000024540000,0x0000000024640000)]
  0x000000001eedd800 JavaThread "jar transforms Thread 55" [_thread_blocked, id=11836, stack(0x0000000024440000,0x0000000024540000)]
  0x000000001eee4800 JavaThread "jar transforms Thread 54" [_thread_blocked, id=15028, stack(0x0000000024340000,0x0000000024440000)]
  0x000000001eedd000 JavaThread "jar transforms Thread 53" [_thread_blocked, id=15080, stack(0x0000000024240000,0x0000000024340000)]
  0x000000001eee4000 JavaThread "jar transforms Thread 52" [_thread_blocked, id=15428, stack(0x0000000024140000,0x0000000024240000)]
  0x000000001eedc000 JavaThread "jar transforms Thread 51" [_thread_blocked, id=10136, stack(0x0000000024040000,0x0000000024140000)]
  0x000000001eee3000 JavaThread "jar transforms Thread 50" [_thread_blocked, id=7352, stack(0x0000000023f40000,0x0000000024040000)]
  0x000000001eedb800 JavaThread "jar transforms Thread 49" [_thread_blocked, id=988, stack(0x0000000023e40000,0x0000000023f40000)]
  0x000000001eee0000 JavaThread "jar transforms Thread 48" [_thread_blocked, id=6984, stack(0x0000000023d40000,0x0000000023e40000)]
  0x000000001eedf000 JavaThread "jar transforms Thread 47" [_thread_blocked, id=10780, stack(0x0000000023c40000,0x0000000023d40000)]
  0x000000001eee1800 JavaThread "jar transforms Thread 46" [_thread_blocked, id=1396, stack(0x0000000023b40000,0x0000000023c40000)]
  0x000000001eee1000 JavaThread "jar transforms Thread 45" [_thread_blocked, id=3792, stack(0x0000000023a40000,0x0000000023b40000)]
  0x000000001eee2800 JavaThread "jar transforms Thread 44" [_thread_blocked, id=10092, stack(0x0000000023940000,0x0000000023a40000)]
  0x0000000019063000 JavaThread "jar transforms Thread 43" [_thread_blocked, id=3928, stack(0x0000000023840000,0x0000000023940000)]
  0x0000000019062000 JavaThread "jar transforms Thread 42" [_thread_blocked, id=836, stack(0x0000000023740000,0x0000000023840000)]
  0x0000000019061800 JavaThread "jar transforms Thread 41" [_thread_blocked, id=14108, stack(0x0000000023640000,0x0000000023740000)]
  0x0000000019063800 JavaThread "jar transforms Thread 40" [_thread_blocked, id=12444, stack(0x0000000023540000,0x0000000023640000)]
  0x0000000019060800 JavaThread "jar transforms Thread 39" [_thread_blocked, id=10820, stack(0x0000000023440000,0x0000000023540000)]
  0x0000000019059000 JavaThread "jar transforms Thread 38" [_thread_blocked, id=11964, stack(0x0000000023340000,0x0000000023440000)]
  0x0000000019060000 JavaThread "jar transforms Thread 37" [_thread_blocked, id=9840, stack(0x0000000023240000,0x0000000023340000)]
  0x000000001905f000 JavaThread "jar transforms Thread 36" [_thread_blocked, id=15664, stack(0x0000000023140000,0x0000000023240000)]
  0x0000000019057800 JavaThread "jar transforms Thread 35" [_thread_blocked, id=15588, stack(0x0000000023040000,0x0000000023140000)]
  0x000000001905e800 JavaThread "jar transforms Thread 34" [_thread_blocked, id=9732, stack(0x0000000022f40000,0x0000000023040000)]
  0x0000000019057000 JavaThread "jar transforms Thread 33" [_thread_blocked, id=12408, stack(0x0000000022e40000,0x0000000022f40000)]
  0x000000001905a000 JavaThread "jar transforms Thread 32" [_thread_blocked, id=13788, stack(0x0000000022d40000,0x0000000022e40000)]
  0x000000001905d800 JavaThread "jar transforms Thread 31" [_thread_blocked, id=3900, stack(0x0000000022c40000,0x0000000022d40000)]
  0x0000000019056000 JavaThread "jar transforms Thread 30" [_thread_blocked, id=12296, stack(0x0000000022b40000,0x0000000022c40000)]
  0x000000001905d000 JavaThread "jar transforms Thread 29" [_thread_blocked, id=2660, stack(0x0000000022a40000,0x0000000022b40000)]
  0x000000001905c000 JavaThread "jar transforms Thread 28" [_thread_blocked, id=12244, stack(0x0000000022940000,0x0000000022a40000)]
  0x0000000019058800 JavaThread "jar transforms Thread 27" [_thread_blocked, id=9156, stack(0x0000000022840000,0x0000000022940000)]
  0x000000001905a800 JavaThread "jar transforms Thread 26" [_thread_blocked, id=15568, stack(0x0000000022740000,0x0000000022840000)]
  0x0000000019055800 JavaThread "jar transforms Thread 25" [_thread_blocked, id=13160, stack(0x0000000022640000,0x0000000022740000)]
  0x0000000019054800 JavaThread "jar transforms Thread 24" [_thread_blocked, id=11848, stack(0x0000000022540000,0x0000000022640000)]
  0x000000001905b800 JavaThread "jar transforms Thread 23" [_thread_blocked, id=9756, stack(0x0000000022440000,0x0000000022540000)]
  0x0000000019e90000 JavaThread "jar transforms Thread 22" [_thread_blocked, id=4176, stack(0x0000000022340000,0x0000000022440000)]
  0x0000000019e8e800 JavaThread "jar transforms Thread 21" [_thread_blocked, id=2152, stack(0x0000000022240000,0x0000000022340000)]
  0x0000000019e8e000 JavaThread "jar transforms Thread 20" [_thread_blocked, id=3424, stack(0x0000000022140000,0x0000000022240000)]
  0x0000000019e8d000 JavaThread "jar transforms Thread 19" [_thread_blocked, id=1404, stack(0x0000000022040000,0x0000000022140000)]
  0x0000000019e94000 JavaThread "jar transforms Thread 18" [_thread_blocked, id=3712, stack(0x0000000021f40000,0x0000000022040000)]
  0x0000000019e93800 JavaThread "jar transforms Thread 17" [_thread_blocked, id=3436, stack(0x0000000021e40000,0x0000000021f40000)]
  0x0000000019e8f800 JavaThread "jar transforms Thread 16" [_thread_blocked, id=11412, stack(0x0000000021d40000,0x0000000021e40000)]
  0x0000000019e92800 JavaThread "jar transforms Thread 15" [_thread_blocked, id=2088, stack(0x0000000021c40000,0x0000000021d40000)]
  0x0000000019e91800 JavaThread "jar transforms Thread 14" [_thread_blocked, id=13480, stack(0x0000000021b40000,0x0000000021c40000)]
  0x0000000019e91000 JavaThread "jar transforms Thread 13" [_thread_blocked, id=12688, stack(0x0000000021a40000,0x0000000021b40000)]
  0x000000001dda4000 JavaThread "jar transforms Thread 12" [_thread_blocked, id=9520, stack(0x0000000021940000,0x0000000021a40000)]
  0x000000001dda5800 JavaThread "jar transforms Thread 11" [_thread_blocked, id=15420, stack(0x0000000021840000,0x0000000021940000)]
  0x000000001dda1800 JavaThread "jar transforms Thread 10" [_thread_blocked, id=368, stack(0x0000000021640000,0x0000000021740000)]
  0x000000001dda2800 JavaThread "jar transforms Thread 9" [_thread_blocked, id=1412, stack(0x0000000021540000,0x0000000021640000)]
  0x000000001dda3000 JavaThread "jar transforms Thread 8" [_thread_blocked, id=16100, stack(0x0000000021440000,0x0000000021540000)]
  0x000000001dda1000 JavaThread "jar transforms Thread 7" [_thread_blocked, id=15932, stack(0x0000000021340000,0x0000000021440000)]
  0x000000001dda4800 JavaThread "jar transforms Thread 6" [_thread_blocked, id=14184, stack(0x0000000021240000,0x0000000021340000)]
  0x000000001dda0000 JavaThread "jar transforms Thread 5" [_thread_blocked, id=8016, stack(0x0000000021140000,0x0000000021240000)]
  0x000000001dda6000 JavaThread "jar transforms Thread 4" [_thread_blocked, id=2276, stack(0x0000000021040000,0x0000000021140000)]
  0x000000001dda7000 JavaThread "jar transforms Thread 3" [_thread_blocked, id=13020, stack(0x0000000020f40000,0x0000000021040000)]
  0x000000001dd98800 JavaThread "jar transforms Thread 2" [_thread_blocked, id=15896, stack(0x0000000020e40000,0x0000000020f40000)]
  0x000000001dd9d000 JavaThread "Build operations Thread 4" [_thread_blocked, id=1664, stack(0x0000000020d40000,0x0000000020e40000)]
  0x000000001dd9a000 JavaThread "Build operations Thread 3" [_thread_blocked, id=4384, stack(0x0000000020c40000,0x0000000020d40000)]
  0x000000001dd9f800 JavaThread "Build operations Thread 2" [_thread_blocked, id=5032, stack(0x0000000020b40000,0x0000000020c40000)]
  0x000000001dd9c800 JavaThread "Build operations" [_thread_blocked, id=708, stack(0x0000000020a40000,0x0000000020b40000)]
  0x000000001dd9b000 JavaThread "Cache worker for file content cache (C:\Users\sonam\.gradle\caches\6.5\fileContent)" [_thread_blocked, id=11828, stack(0x0000000020340000,0x0000000020440000)]
  0x000000001af77800 JavaThread "jar transforms" [_thread_blocked, id=13388, stack(0x0000000020240000,0x0000000020340000)]
  0x000000001af7c000 JavaThread "Cache worker for execution history cache (C:\Users\sonam\.gradle\caches\6.5\executionHistory)" [_thread_blocked, id=14080, stack(0x000000001fb40000,0x000000001fc40000)]
  0x000000001af7a800 JavaThread "Cache worker for cache directory md-rule (C:\Users\sonam\.gradle\caches\6.5\md-rule)" [_thread_blocked, id=15488, stack(0x000000001fa40000,0x000000001fb40000)]
  0x000000001af76000 JavaThread "Cache worker for cache directory md-supplier (C:\Users\sonam\.gradle\caches\6.5\md-supplier)" [_thread_blocked, id=6216, stack(0x000000001f940000,0x000000001fa40000)]
  0x000000001af7a000 JavaThread "Cache worker for checksums cache (C:\Users\sonam\Desktop\ITW202\Lab\TODO_13\.gradle\checksums)" [_thread_blocked, id=15676, stack(0x000000001f840000,0x000000001f940000)]
  0x000000001af7b800 JavaThread "Cache worker for file hash cache (C:\Users\sonam\Desktop\ITW202\Lab\TODO_13\.gradle\6.5\fileHashes)" [_thread_blocked, id=12564, stack(0x000000001e4b0000,0x000000001e5b0000)]
  0x000000001af7d000 JavaThread "Cache worker for file hash cache (C:\Users\sonam\.gradle\caches\6.5\fileHashes)" [_thread_blocked, id=12200, stack(0x000000001cfe0000,0x000000001d0e0000)]
  0x000000001af79000 JavaThread "File lock request listener" [_thread_in_native, id=13728, stack(0x000000001cee0000,0x000000001cfe0000)]
  0x000000001af77000 JavaThread "Cache worker for journal cache (C:\Users\sonam\.gradle\caches\journal-1)" [_thread_blocked, id=15404, stack(0x000000001cde0000,0x000000001cee0000)]
  0x000000001acb7800 JavaThread "Thread-9" [_thread_blocked, id=14616, stack(0x000000001cae0000,0x000000001cbe0000)]
  0x000000001acb4800 JavaThread "Stdin handler" [_thread_blocked, id=16308, stack(0x000000001c9e0000,0x000000001cae0000)]
  0x000000001acb3000 JavaThread "Asynchronous log dispatcher for DefaultDaemonConnection: socket connection from /127.0.0.1:57041 to /127.0.0.1:57042" [_thread_blocked, id=15620, stack(0x000000001c8e0000,0x000000001c9e0000)]
  0x000000001acb0800 JavaThread "Daemon worker" [_thread_in_vm, id=3340, stack(0x000000001c7e0000,0x000000001c8e0000)]
  0x000000001abb6000 JavaThread "Cancel handler" [_thread_blocked, id=11192, stack(0x000000001c6e0000,0x000000001c7e0000)]
  0x000000001ab6c000 JavaThread "Handler for socket connection from /127.0.0.1:57041 to /127.0.0.1:57042" [_thread_in_native, id=14024, stack(0x000000001c5e0000,0x000000001c6e0000)]
  0x000000001ab68800 JavaThread "Daemon" [_thread_blocked, id=7196, stack(0x000000001c4e0000,0x000000001c5e0000)]
  0x000000001ab10800 JavaThread "Daemon periodic checks" [_thread_blocked, id=15760, stack(0x000000001c1e0000,0x000000001c2e0000)]
  0x000000001ab0f800 JavaThread "Incoming local TCP Connector on port 57041" [_thread_in_native, id=9092, stack(0x000000001bfa0000,0x000000001c0a0000)]
  0x000000001aa8b800 JavaThread "Daemon health stats" [_thread_blocked, id=4484, stack(0x000000001b960000,0x000000001ba60000)]
  0x00000000189f1800 JavaThread "Service Thread" daemon [_thread_blocked, id=14972, stack(0x0000000018dc0000,0x0000000018ec0000)]
  0x0000000017079800 JavaThread "C1 CompilerThread2" daemon [_thread_blocked, id=5704, stack(0x00000000188c0000,0x00000000189c0000)]
  0x000000001706a000 JavaThread "C2 CompilerThread1" daemon [_thread_in_native, id=10704, stack(0x00000000187c0000,0x00000000188c0000)]
=>0x0000000017067800 JavaThread "C2 CompilerThread0" daemon [_thread_in_native, id=15228, stack(0x00000000186c0000,0x00000000187c0000)]
  0x0000000017066000 JavaThread "Attach Listener" daemon [_thread_blocked, id=16188, stack(0x00000000185c0000,0x00000000186c0000)]
  0x0000000017061800 JavaThread "Signal Dispatcher" daemon [_thread_blocked, id=5928, stack(0x00000000184c0000,0x00000000185c0000)]
  0x000000000236b000 JavaThread "Finalizer" daemon [_thread_blocked, id=4880, stack(0x00000000182c0000,0x00000000183c0000)]
  0x0000000017049000 JavaThread "Reference Handler" daemon [_thread_blocked, id=12036, stack(0x00000000181c0000,0x00000000182c0000)]
  0x000000000243e800 JavaThread "main" [_thread_blocked, id=1172, stack(0x0000000002160000,0x0000000002260000)]

Other Threads:
  0x0000000017026000 VMThread [stack: 0x00000000180c0000,0x00000000181c0000] [id=6504]
  0x00000000189f2000 WatcherThread [stack: 0x0000000018ec0000,0x0000000018fc0000] [id=14036]

VM state:not at safepoint (normal execution)

VM Mutex/Monitor currently owned by a thread: None

heap address: 0x0000000080000000, size: 2048 MB, Compressed Oops mode: 32-bit
Narrow klass base: 0x0000000000000000, Narrow klass shift: 3
Compressed class space size: 1073741824 Address: 0x0000000100000000

Heap:
 PSYoungGen      total 201728K, used 109350K [0x00000000d5580000, 0x00000000e6b00000, 0x0000000100000000)
  eden space 188928K, 51% used [0x00000000d5580000,0x00000000db3ce350,0x00000000e0e00000)
  from space 12800K, 99% used [0x00000000e0e00000,0x00000000e1a7b6b8,0x00000000e1a80000)
  to   space 15360K, 0% used [0x00000000e5c00000,0x00000000e5c00000,0x00000000e6b00000)
 ParOldGen       total 49152K, used 15682K [0x0000000080000000, 0x0000000083000000, 0x00000000d5580000)
  object space 49152K, 31% used [0x0000000080000000,0x0000000080f50900,0x0000000083000000)
 Metaspace       used 50996K, capacity 53050K, committed 53416K, reserved 1095680K
  class space    used 6820K, capacity 7247K, committed 7344K, reserved 1048576K

Card table byte_map: [0x0000000011800000,0x0000000011c10000] byte_map_base: 0x0000000011400000

Marking Bits: (ParMarkBitMap*) 0x000000007312f030
 Begin Bits: [0x00000000122c0000, 0x00000000142c0000)
 End Bits:   [0x00000000142c0000, 0x00000000162c0000)

Polling page: 0x0000000000590000

CodeCache: size=245760Kb used=14691Kb max_used=14691Kb free=231068Kb
 bounds [0x0000000002440000, 0x00000000032b0000, 0x0000000011440000]
 total_blobs=5079 nmethods=4318 adapters=674
 compilation: enabled

Compilation events (10 events):
Event: 18.783 Thread 0x0000000017079800 4741       3       com.google.common.cache.LocalCache$LoadingValueReference::<init> (24 bytes)
Event: 18.783 Thread 0x0000000017079800 nmethod 4741 0x00000000032a15d0 code [0x00000000032a1780, 0x00000000032a1df0]
Event: 18.783 Thread 0x0000000017079800 4742       3       com.google.common.cache.LocalCache$Segment::loadSync (19 bytes)
Event: 18.784 Thread 0x0000000017079800 nmethod 4742 0x00000000032a21d0 code [0x00000000032a2340, 0x00000000032a2558]
Event: 18.785 Thread 0x0000000017079800 4743       3       com.google.common.util.concurrent.AbstractFuture::releaseWaiters (38 bytes)
Event: 18.786 Thread 0x0000000017079800 nmethod 4743 0x00000000032a2690 code [0x00000000032a2840, 0x00000000032a2e48]
Event: 18.786 Thread 0x0000000017079800 4744       3       com.google.common.util.concurrent.AbstractFuture$UnsafeAtomicHelper::casWaiters (13 bytes)
Event: 18.786 Thread 0x0000000017079800 nmethod 4744 0x00000000032a3050 code [0x00000000032a31a0, 0x00000000032a3330]
Event: 18.786 Thread 0x0000000017079800 4745   !   3       com.google.common.util.concurrent.Uninterruptibles::getUninterruptibly (40 bytes)
Event: 18.787 Thread 0x0000000017079800 nmethod 4745 0x00000000032a33d0 code [0x00000000032a3560, 0x00000000032a3a68]

GC Heap History (10 events):
Event: 7.108 GC heap before
{Heap before GC invocations=9 (full 1):
 PSYoungGen      total 138752K, used 3748K [0x00000000d5580000, 0x00000000de680000, 0x0000000100000000)
  eden space 129024K, 0% used [0x00000000d5580000,0x00000000d5580000,0x00000000dd380000)
  from space 9728K, 38% used [0x00000000ddd00000,0x00000000de0a9050,0x00000000de680000)
  to   space 9728K, 0% used [0x00000000dd380000,0x00000000dd380000,0x00000000ddd00000)
 ParOldGen       total 44032K, used 8601K [0x0000000080000000, 0x0000000082b00000, 0x00000000d5580000)
  object space 44032K, 19% used [0x0000000080000000,0x0000000080866428,0x0000000082b00000)
 Metaspace       used 20585K, capacity 21224K, committed 21296K, reserved 1067008K
  class space    used 2872K, capacity 3076K, committed 3120K, reserved 1048576K
Event: 7.161 GC heap after
Heap after GC invocations=9 (full 1):
 PSYoungGen      total 138752K, used 0K [0x00000000d5580000, 0x00000000de680000, 0x0000000100000000)
  eden space 129024K, 0% used [0x00000000d5580000,0x00000000d5580000,0x00000000dd380000)
  from space 9728K, 0% used [0x00000000ddd00000,0x00000000ddd00000,0x00000000de680000)
  to   space 9728K, 0% used [0x00000000dd380000,0x00000000dd380000,0x00000000ddd00000)
 ParOldGen       total 30720K, used 6811K [0x0000000080000000, 0x0000000081e00000, 0x00000000d5580000)
  object space 30720K, 22% used [0x0000000080000000,0x00000000806a6c00,0x0000000081e00000)
 Metaspace       used 20585K, capacity 21224K, committed 21296K, reserved 1067008K
  class space    used 2872K, capacity 3076K, committed 3120K, reserved 1048576K
}
Event: 10.744 GC heap before
{Heap before GC invocations=10 (full 1):
 PSYoungGen      total 138752K, used 129024K [0x00000000d5580000, 0x00000000de680000, 0x0000000100000000)
  eden space 129024K, 100% used [0x00000000d5580000,0x00000000dd380000,0x00000000dd380000)
  from space 9728K, 0% used [0x00000000ddd00000,0x00000000ddd00000,0x00000000de680000)
  to   space 9728K, 0% used [0x00000000dd380000,0x00000000dd380000,0x00000000ddd00000)
 ParOldGen       total 30720K, used 6811K [0x0000000080000000, 0x0000000081e00000, 0x00000000d5580000)
  object space 30720K, 22% used [0x0000000080000000,0x00000000806a6c00,0x0000000081e00000)
 Metaspace       used 32763K, capacity 33802K, committed 33968K, reserved 1079296K
  class space    used 4468K, capacity 4751K, committed 4784K, reserved 1048576K
Event: 10.780 GC heap after
Heap after GC invocations=10 (full 1):
 PSYoungGen      total 138752K, used 9722K [0x00000000d5580000, 0x00000000e2700000, 0x0000000100000000)
  eden space 129024K, 0% used [0x00000000d5580000,0x00000000d5580000,0x00000000dd380000)
  from space 9728K, 99% used [0x00000000dd380000,0x00000000ddcfeb50,0x00000000ddd00000)
  to   space 12800K, 0% used [0x00000000e1a80000,0x00000000e1a80000,0x00000000e2700000)
 ParOldGen       total 30720K, used 11005K [0x0000000080000000, 0x0000000081e00000, 0x00000000d5580000)
  object space 30720K, 35% used [0x0000000080000000,0x0000000080abf788,0x0000000081e00000)
 Metaspace       used 32763K, capacity 33802K, committed 33968K, reserved 1079296K
  class space    used 4468K, capacity 4751K, committed 4784K, reserved 1048576K
}
Event: 11.520 GC heap before
{Heap before GC invocations=11 (full 1):
 PSYoungGen      total 138752K, used 40828K [0x00000000d5580000, 0x00000000e2700000, 0x0000000100000000)
  eden space 129024K, 24% used [0x00000000d5580000,0x00000000d73e0518,0x00000000dd380000)
  from space 9728K, 99% used [0x00000000dd380000,0x00000000ddcfeb50,0x00000000ddd00000)
  to   space 12800K, 0% used [0x00000000e1a80000,0x00000000e1a80000,0x00000000e2700000)
 ParOldGen       total 30720K, used 11005K [0x0000000080000000, 0x0000000081e00000, 0x00000000d5580000)
  object space 30720K, 35% used [0x0000000080000000,0x0000000080abf788,0x0000000081e00000)
 Metaspace       used 34315K, capacity 35414K, committed 35496K, reserved 1079296K
  class space    used 4714K, capacity 5002K, committed 5040K, reserved 1048576K
Event: 11.548 GC heap after
Heap after GC invocations=11 (full 1):
 PSYoungGen      total 201728K, used 8166K [0x00000000d5580000, 0x00000000e2880000, 0x0000000100000000)
  eden space 188928K, 0% used [0x00000000d5580000,0x00000000d5580000,0x00000000e0e00000)
  from space 12800K, 63% used [0x00000000e1a80000,0x00000000e2279b48,0x00000000e2700000)
  to   space 12800K, 0% used [0x00000000e0e00000,0x00000000e0e00000,0x00000000e1a80000)
 ParOldGen       total 30720K, used 11013K [0x0000000080000000, 0x0000000081e00000, 0x00000000d5580000)
  object space 30720K, 35% used [0x0000000080000000,0x0000000080ac1788,0x0000000081e00000)
 Metaspace       used 34315K, capacity 35414K, committed 35496K, reserved 1079296K
  class space    used 4714K, capacity 5002K, committed 5040K, reserved 1048576K
}
Event: 11.549 GC heap before
{Heap before GC invocations=12 (full 2):
 PSYoungGen      total 201728K, used 8166K [0x00000000d5580000, 0x00000000e2880000, 0x0000000100000000)
  eden space 188928K, 0% used [0x00000000d5580000,0x00000000d5580000,0x00000000e0e00000)
  from space 12800K, 63% used [0x00000000e1a80000,0x00000000e2279b48,0x00000000e2700000)
  to   space 12800K, 0% used [0x00000000e0e00000,0x00000000e0e00000,0x00000000e1a80000)
 ParOldGen       total 30720K, used 11013K [0x0000000080000000, 0x0000000081e00000, 0x00000000d5580000)
  object space 30720K, 35% used [0x0000000080000000,0x0000000080ac1788,0x0000000081e00000)
 Metaspace       used 34315K, capacity 35414K, committed 35496K, reserved 1079296K
  class space    used 4714K, capacity 5002K, committed 5040K, reserved 1048576K
Event: 11.736 GC heap after
Heap after GC invocations=12 (full 2):
 PSYoungGen      total 201728K, used 0K [0x00000000d5580000, 0x00000000e2880000, 0x0000000100000000)
  eden space 188928K, 0% used [0x00000000d5580000,0x00000000d5580000,0x00000000e0e00000)
  from space 12800K, 0% used [0x00000000e1a80000,0x00000000e1a80000,0x00000000e2700000)
  to   space 12800K, 0% used [0x00000000e0e00000,0x00000000e0e00000,0x00000000e1a80000)
 ParOldGen       total 49152K, used 14613K [0x0000000080000000, 0x0000000083000000, 0x00000000d5580000)
  object space 49152K, 29% used [0x0000000080000000,0x0000000080e45548,0x0000000083000000)
 Metaspace       used 34315K, capacity 35414K, committed 35496K, reserved 1079296K
  class space    used 4714K, capacity 5002K, committed 5040K, reserved 1048576K
}
Event: 15.340 GC heap before
{Heap before GC invocations=13 (full 2):
 PSYoungGen      total 201728K, used 188928K [0x00000000d5580000, 0x00000000e2880000, 0x0000000100000000)
  eden space 188928K, 100% used [0x00000000d5580000,0x00000000e0e00000,0x00000000e0e00000)
  from space 12800K, 0% used [0x00000000e1a80000,0x00000000e1a80000,0x00000000e2700000)
  to   space 12800K, 0% used [0x00000000e0e00000,0x00000000e0e00000,0x00000000e1a80000)
 ParOldGen       total 49152K, used 14613K [0x0000000080000000, 0x0000000083000000, 0x00000000d5580000)
  object space 49152K, 29% used [0x0000000080000000,0x0000000080e45548,0x0000000083000000)
 Metaspace       used 44056K, capacity 45814K, committed 45992K, reserved 1089536K
  class space    used 5965K, capacity 6317K, committed 6320K, reserved 1048576K
Event: 15.516 GC heap after
Heap after GC invocations=13 (full 2):
 PSYoungGen      total 201728K, used 12781K [0x00000000d5580000, 0x00000000e6b00000, 0x0000000100000000)
  eden space 188928K, 0% used [0x00000000d5580000,0x00000000d5580000,0x00000000e0e00000)
  from space 12800K, 99% used [0x00000000e0e00000,0x00000000e1a7b6b8,0x00000000e1a80000)
  to   space 15360K, 0% used [0x00000000e5c00000,0x00000000e5c00000,0x00000000e6b00000)
 ParOldGen       total 49152K, used 15682K [0x0000000080000000, 0x0000000083000000, 0x00000000d5580000)
  object space 49152K, 31% used [0x0000000080000000,0x0000000080f50900,0x0000000083000000)
 Metaspace       used 44056K, capacity 45814K, committed 45992K, reserved 1089536K
  class space    used 5965K, capacity 6317K, committed 6320K, reserved 1048576K
}

Deoptimization events (10 events):
Event: 16.666 Thread 0x000000001acb0800 Uncommon trap: reason=unstable_if action=reinterpret pc=0x000000000266903c method=java.security.CodeSource.matchCerts(Ljava/security/CodeSource;Z)Z @ 11
Event: 16.831 Thread 0x000000001acb0800 Uncommon trap: reason=bimorphic action=maybe_recompile pc=0x0000000002f8d228 method=java.util.regex.Pattern$CharProperty.match(Ljava/util/regex/Matcher;ILjava/lang/CharSequence;)Z @ 18
Event: 16.832 Thread 0x000000001acb0800 Uncommon trap: reason=bimorphic action=maybe_recompile pc=0x0000000002f8d228 method=java.util.regex.Pattern$CharProperty.match(Ljava/util/regex/Matcher;ILjava/lang/CharSequence;)Z @ 18
Event: 16.832 Thread 0x000000001acb0800 Uncommon trap: reason=bimorphic action=maybe_recompile pc=0x0000000002f8d228 method=java.util.regex.Pattern$CharProperty.match(Ljava/util/regex/Matcher;ILjava/lang/CharSequence;)Z @ 18
Event: 16.882 Thread 0x000000001acb0800 Uncommon trap: reason=bimorphic action=maybe_recompile pc=0x0000000002f8d228 method=java.util.regex.Pattern$CharProperty.match(Ljava/util/regex/Matcher;ILjava/lang/CharSequence;)Z @ 18
Event: 17.195 Thread 0x000000001acb0800 Uncommon trap: reason=unstable_if action=reinterpret pc=0x00000000026543b0 method=org.gradle.internal.reflect.PropertyAccessorType.of(Ljava/lang/reflect/Method;)Lorg/gradle/internal/reflect/PropertyAccessorType; @ 56
Event: 18.036 Thread 0x000000001acb0800 Uncommon trap: reason=unstable_if action=reinterpret pc=0x00000000031f0634 method=com.sun.org.apache.xerces.internal.impl.XMLEntityScanner.checkBeforeLoad(Lcom/sun/xml/internal/stream/Entity$ScannedEntity;II)I @ 18
Event: 18.172 Thread 0x000000001acb0800 Uncommon trap: reason=unstable_if action=reinterpret pc=0x00000000030df930 method=org.gradle.internal.instantiation.generator.AbstractClassGenerator$InjectionAnnotationValidator.validateMethod(Ljava/lang/reflect/Method;Lorg/gradle/internal/reflect/Propert
Event: 18.172 Thread 0x000000001acb0800 Uncommon trap: reason=unstable_if action=reinterpret pc=0x0000000002554304 method=org.gradle.internal.instantiation.generator.AbstractClassGenerator$InjectionAnnotationValidator.validateMethod(Ljava/lang/reflect/Method;Lorg/gradle/internal/reflect/Propert
Event: 18.397 Thread 0x000000001acb0800 Uncommon trap: reason=null_check action=make_not_entrant pc=0x0000000002c3225c method=java.lang.Class.searchMethods([Ljava/lang/reflect/Method;Ljava/lang/String;[Ljava/lang/Class;)Ljava/lang/reflect/Method; @ 59

Classes redefined (0 events):
No events

Internal exceptions (10 events):
Event: 18.657 Thread 0x000000001acb0800 Exception <a 'java/lang/ClassNotFoundException': build_buvw7jcnkwzofpuy0r9ni5ibg$_run_closure1BeanInfo> (0x00000000dac3c850) thrown at [C:\src\AOSP-openjdk-git\hotspot\src\share\vm\classfile\systemDictionary.cpp, line 210]
Event: 18.659 Thread 0x000000001acb0800 Exception <a 'java/lang/ClassNotFoundException': build_buvw7jcnkwzofpuy0r9ni5ibg$_run_closure1Customizer> (0x00000000dac4d5b8) thrown at [C:\src\AOSP-openjdk-git\hotspot\src\share\vm\classfile\systemDictionary.cpp, line 210]
Event: 18.674 Thread 0x000000001acb0800 Exception <a 'java/lang/ClassNotFoundException': org/gradle/api/JavaVersionBeanInfo> (0x00000000dacb8f30) thrown at [C:\src\AOSP-openjdk-git\hotspot\src\share\vm\classfile\systemDictionary.cpp, line 210]
Event: 18.675 Thread 0x000000001acb0800 Exception <a 'java/lang/ClassNotFoundException': java/lang/EnumBeanInfo> (0x00000000dacc2d80) thrown at [C:\src\AOSP-openjdk-git\hotspot\src\share\vm\classfile\systemDictionary.cpp, line 210]
Event: 18.676 Thread 0x000000001acb0800 Exception <a 'java/lang/ClassNotFoundException': java/lang/EnumCustomizer> (0x00000000daccd028) thrown at [C:\src\AOSP-openjdk-git\hotspot\src\share\vm\classfile\systemDictionary.cpp, line 210]
Event: 18.680 Thread 0x000000001acb0800 Exception <a 'java/lang/ClassNotFoundException': org/gradle/api/JavaVersionCustomizer> (0x00000000dad020f0) thrown at [C:\src\AOSP-openjdk-git\hotspot\src\share\vm\classfile\systemDictionary.cpp, line 210]
Event: 18.691 Thread 0x000000001acb0800 Exception <a 'java/lang/ClassNotFoundException': com/android/build/gradle/internal/CompileOptions_DecoratedBeanInfo> (0x00000000dad622b0) thrown at [C:\src\AOSP-openjdk-git\hotspot\src\share\vm\classfile\systemDictionary.cpp, line 210]
Event: 18.692 Thread 0x000000001acb0800 Exception <a 'java/lang/ClassNotFoundException': com/android/build/gradle/internal/CompileOptionsBeanInfo> (0x00000000dad7d4f0) thrown at [C:\src\AOSP-openjdk-git\hotspot\src\share\vm\classfile\systemDictionary.cpp, line 210]
Event: 18.695 Thread 0x000000001acb0800 Exception <a 'java/lang/ClassNotFoundException': com/android/build/gradle/internal/CompileOptionsCustomizer> (0x00000000dad98928) thrown at [C:\src\AOSP-openjdk-git\hotspot\src\share\vm\classfile\systemDictionary.cpp, line 210]
Event: 18.700 Thread 0x000000001acb0800 Exception <a 'java/lang/ClassNotFoundException': com/android/build/gradle/internal/CompileOptions_DecoratedCustomizer> (0x00000000dadc9548) thrown at [C:\src\AOSP-openjdk-git\hotspot\src\share\vm\classfile\systemDictionary.cpp, line 210]

Events (10 events):
Event: 18.807 loading class com/android/build/gradle/internal/VariantManager
Event: 18.807 loading class com/android/build/gradle/internal/VariantManager done
Event: 18.808 loading class com/android/build/gradle/internal/manifest/LazyManifestParser
Event: 18.808 loading class com/android/build/gradle/internal/manifest/LazyManifestParser done
Event: 18.809 loading class com/android/build/gradle/internal/VariantManager
Event: 18.809 loading class com/android/build/gradle/internal/VariantManager done
Event: 18.810 loading class com/android/build/gradle/internal/manifest/LazyManifestParser$manifestData$2
Event: 18.810 loading class com/android/build/gradle/internal/manifest/LazyManifestParser$manifestData$2 done
Event: 18.812 loading class com/android/build/gradle/internal/core/VariantDslInfoImpl
Event: 18.812 loading class com/android/build/gradle/internal/core/VariantDslInfoImpl done


Dynamic libraries:
0x00007ff75bb10000 - 0x00007ff75bb41000 	C:\Program Files\Android\Android Studio\jre\bin\java.exe
0x00007ffe3ffd0000 - 0x00007ffe401c5000 	C:\WINDOWS\SYSTEM32\ntdll.dll
0x00007ffe3fe20000 - 0x00007ffe3fedd000 	C:\WINDOWS\System32\KERNEL32.DLL
0x00007ffe3d910000 - 0x00007ffe3dbd8000 	C:\WINDOWS\System32\KERNELBASE.dll
0x00007ffe3fee0000 - 0x00007ffe3ff8c000 	C:\WINDOWS\System32\ADVAPI32.dll
0x00007ffe3f160000 - 0x00007ffe3f1fe000 	C:\WINDOWS\System32\msvcrt.dll
0x00007ffe3fd80000 - 0x00007ffe3fe1b000 	C:\WINDOWS\System32\sechost.dll
0x00007ffe3f5c0000 - 0x00007ffe3f6eb000 	C:\WINDOWS\System32\RPCRT4.dll
0x00007ffe3f6f0000 - 0x00007ffe3f890000 	C:\WINDOWS\System32\USER32.dll
0x00007ffe3ddc0000 - 0x00007ffe3dde2000 	C:\WINDOWS\System32\win32u.dll
0x00007ffe3e060000 - 0x00007ffe3e08a000 	C:\WINDOWS\System32\GDI32.dll
0x00007ffe3df20000 - 0x00007ffe3e02b000 	C:\WINDOWS\System32\gdi32full.dll
0x00007ffe3d810000 - 0x00007ffe3d8ad000 	C:\WINDOWS\System32\msvcp_win.dll
0x00007ffe3d710000 - 0x00007ffe3d810000 	C:\WINDOWS\System32\ucrtbase.dll
0x00007ffe25a50000 - 0x00007ffe25cea000 	C:\WINDOWS\WinSxS\amd64_microsoft.windows.common-controls_6595b64144ccf1df_6.0.19041.844_none_ca00b6081b84eb1d\COMCTL32.dll
0x00007ffe3e030000 - 0x00007ffe3e060000 	C:\WINDOWS\System32\IMM32.DLL
0x0000000072550000 - 0x0000000072622000 	C:\Program Files\Android\Android Studio\jre\jre\bin\msvcr100.dll
0x0000000072960000 - 0x00000000731ab000 	C:\Program Files\Android\Android Studio\jre\jre\bin\server\jvm.dll
0x00007ffe3e840000 - 0x00007ffe3e848000 	C:\WINDOWS\System32\PSAPI.DLL
0x00007ffe2d360000 - 0x00007ffe2d36a000 	C:\WINDOWS\SYSTEM32\VERSION.dll
0x00007ffe2be40000 - 0x00007ffe2be67000 	C:\WINDOWS\SYSTEM32\WINMM.dll
0x00007ffe329a0000 - 0x00007ffe329a9000 	C:\WINDOWS\SYSTEM32\WSOCK32.dll
0x00007ffe3fbf0000 - 0x00007ffe3fc5b000 	C:\WINDOWS\System32\WS2_32.dll
0x00007ffe32990000 - 0x00007ffe3299f000 	C:\Program Files\Android\Android Studio\jre\jre\bin\verify.dll
0x00007ffe32960000 - 0x00007ffe32989000 	C:\Program Files\Android\Android Studio\jre\jre\bin\java.dll
0x00007ffe322a0000 - 0x00007ffe322b6000 	C:\Program Files\Android\Android Studio\jre\jre\bin\zip.dll
0x00007ffe3e0f0000 - 0x00007ffe3e832000 	C:\WINDOWS\System32\SHELL32.dll
0x00007ffe3b4f0000 - 0x00007ffe3bc81000 	C:\WINDOWS\SYSTEM32\windows.storage.dll
0x00007ffe3f890000 - 0x00007ffe3fbe5000 	C:\WINDOWS\System32\combase.dll
0x00007ffe3d110000 - 0x00007ffe3d13c000 	C:\WINDOWS\SYSTEM32\Wldp.dll
0x00007ffe3ebc0000 - 0x00007ffe3ec6e000 	C:\WINDOWS\System32\SHCORE.dll
0x00007ffe3f4d0000 - 0x00007ffe3f525000 	C:\WINDOWS\System32\shlwapi.dll
0x00007ffe3d650000 - 0x00007ffe3d66f000 	C:\WINDOWS\SYSTEM32\profapi.dll
0x00007ffe32280000 - 0x00007ffe3229a000 	C:\Program Files\Android\Android Studio\jre\jre\bin\net.dll
0x00007ffe3ce80000 - 0x00007ffe3ceea000 	C:\WINDOWS\system32\mswsock.dll
0x00007ffe247a0000 - 0x00007ffe247b3000 	C:\Program Files\Android\Android Studio\jre\jre\bin\nio.dll
0x00007ffe0b980000 - 0x00007ffe0b9a7000 	C:\Users\sonam\.gradle\native\f6784746aeab05261644944871eae4fe03e0ef1612fff0a4a95f87b438bc6780\windows-amd64\native-platform.dll
0x00007ffe32860000 - 0x00007ffe3286d000 	C:\Program Files\Android\Android Studio\jre\jre\bin\management.dll
0x00007ffe3d060000 - 0x00007ffe3d078000 	C:\WINDOWS\SYSTEM32\CRYPTSP.dll
0x00007ffe3c7c0000 - 0x00007ffe3c7f4000 	C:\WINDOWS\system32\rsaenh.dll
0x00007ffe3dd40000 - 0x00007ffe3dd67000 	C:\WINDOWS\System32\bcrypt.dll
0x00007ffe3d5d0000 - 0x00007ffe3d5fe000 	C:\WINDOWS\SYSTEM32\USERENV.dll
0x00007ffe3ddf0000 - 0x00007ffe3de70000 	C:\WINDOWS\System32\bcryptprimitives.dll
0x00007ffe3d050000 - 0x00007ffe3d05c000 	C:\WINDOWS\SYSTEM32\CRYPTBASE.dll
0x00007ffe3cb70000 - 0x00007ffe3cbab000 	C:\WINDOWS\SYSTEM32\IPHLPAPI.DLL
0x00007ffe3ea00000 - 0x00007ffe3ea08000 	C:\WINDOWS\System32\NSI.dll
0x00007ffe2d480000 - 0x00007ffe2d497000 	C:\WINDOWS\SYSTEM32\dhcpcsvc6.DLL
0x00007ffe2d570000 - 0x00007ffe2d58d000 	C:\WINDOWS\SYSTEM32\dhcpcsvc.DLL
0x00007ffe3cbb0000 - 0x00007ffe3cc7c000 	C:\WINDOWS\SYSTEM32\DNSAPI.dll
0x00007ffe34380000 - 0x00007ffe3438b000 	C:\WINDOWS\SYSTEM32\WINNSI.DLL

VM Arguments:
jvm_args: -Xmx2048m -Dfile.encoding=UTF-8 -Duser.country=US -Duser.language=en -Duser.variant 
java_command: org.gradle.launcher.daemon.bootstrap.GradleDaemon 6.5
java_class_path (initial): C:\Users\sonam\.gradle\wrapper\dists\gradle-6.5-bin\6nifqtx7604sqp1q6g8wikw7p\gradle-6.5\lib\gradle-launcher-6.5.jar
Launcher Type: SUN_STANDARD

Environment Variables:
JAVA_HOME=C:\Program Files\Java\jdk-15.0.2
PATH=C:\Program Files\Common Files\Oracle\Java\javapath;C:\Program Files (x86)\Intel\Intel(R) Management Engine Components\iCLS\;C:\Program Files\Intel\Intel(R) Management Engine Components\iCLS\;C:\WINDOWS\system32;C:\WINDOWS;C:\WINDOWS\System32\Wbem;C:\WINDOWS\System32\WindowsPowerShell\v1.0\;C:\WINDOWS\System32\OpenSSH\;C:\Program Files (x86)\Intel\Intel(R) Management Engine Components\DAL;C:\Program Files\Intel\Intel(R) Management Engine Components\DAL;C:\Program Files (x86)\Intel\Intel(R) Management Engine Components\IPT;C:\Program Files\Intel\Intel(R) Management Engine Components\IPT;C:\Program Files\Java\jdk-15.0.2\bin;C:\Program Files\Git\cmd;C:\Users\sonam\AppData\Local\Programs\Python\Python38-32\Scripts\;C:\Users\sonam\AppData\Local\Programs\Python\Python38-32\;C:\Program Files\Java\jdk-11.0.2\bin;C:\Users\sonam\AppData\Local\Microsoft\WindowsApps;
USERNAME=sonam
OS=Windows_NT
PROCESSOR_IDENTIFIER=Intel64 Family 6 Model 142 Stepping 10, GenuineIntel



---------------  S Y S T E M  ---------------

OS: Windows 10.0 , 64 bit Build 19041 (10.0.19041.928)

CPU:total 4 (initial active 4) (2 cores per cpu, 2 threads per core) family 6 model 142 stepping 10, cmov, cx8, fxsr, mmx, sse, sse2, sse3, ssse3, sse4.1, sse4.2, popcnt, aes, clmul, erms, 3dnowpref, lzcnt, ht, tsc, tscinvbit

Memory: 4k page, physical 4075748k(162308k free), swap 16658660k(232k free)

vm_info: OpenJDK 64-Bit Server VM (25.242-b01) for windows-amd64 JRE (1.8.0_242-release-1644-b01), built by "builder" with MS VC++ 10.0 (VS2010)

time: Fri May 07 21:03:16 2021
timezone: Bangladesh Standard Time
elapsed time: 18 seconds (0d 0h 0m 18s)

